#
# There is insufficient memory for the Java Runtime Environment to continue.
# Native memory allocation (malloc) failed to allocate 1120656 bytes for Chunk::new
# Possible reasons:
#   The system is out of physical RAM or swap space
#   The process is running with CompressedOops enabled, and the Java Heap may be blocking the growth of the native heap
# Possible solutions:
#   Reduce memory load on the system
#   Increase physical memory or swap space
#   Check if swap backing store is full
#   Decrease Java heap size (-Xmx/-Xms)
#   Decrease number of Java threads
#   Decrease Java thread stack sizes (-Xss)
#   Set larger code cache with -XX:ReservedCodeCacheSize=
#   JVM is running with Unscaled Compressed Oops mode in which the Java heap is
#     placed in the first 4GB address space. The Java Heap base address is the
#     maximum limit for the native heap growth. Please use -XX:HeapBaseMinAddress
#     to set the Java Heap base and to place the Java Heap above 4GB virtual address.
# This output file may be truncated or incomplete.
#
#  Out of Memory Error (arena.cpp:189), pid=65456, tid=71056
#
# JRE version: OpenJDK Runtime Environment Temurin-17.0.4.1+1 (17.0.4.1+1) (build 17.0.4.1+1)
# Java VM: OpenJDK 64-Bit Server VM Temurin-17.0.4.1+1 (17.0.4.1+1, mixed mode, sharing, tiered, compressed oops, compressed class ptrs, g1 gc, windows-amd64)
# No core dump will be written. Minidumps are not enabled by default on client versions of Windows
#

---------------  S U M M A R Y ------------

Command Line: -ea -agentlib:jdwp=transport=dt_shmem,address=javadebug -Dfile.encoding=UTF-8 bluej.runtime.ExecServer UTF-8

Host: Intel(R) Core(TM) i5-10210U CPU @ 1.60GHz, 8 cores, 7G,  Windows 11 , 64 bit Build 22621 (10.0.22621.3085)
Time: Thu Mar  7 19:25:50 2024 Mitteleuropäische Zeit elapsed time: 77.794317 seconds (0d 0h 1m 17s)

---------------  T H R E A D  ---------------

Current thread (0x0000016526e4e7d0):  JavaThread "C2 CompilerThread0" daemon [_thread_in_native, id=71056, stack(0x0000003af9a00000,0x0000003af9b00000)]


Current CompileTask:
C2:  77794 4319   !   4       sun.awt.PostEventQueue::flush (168 bytes)

Stack: [0x0000003af9a00000,0x0000003af9b00000]
Native frames: (J=compiled Java code, j=interpreted, Vv=VM code, C=native code)
V  [jvm.dll+0x67731a]
V  [jvm.dll+0x832284]
V  [jvm.dll+0x833a2e]
V  [jvm.dll+0x834093]
V  [jvm.dll+0x245775]
V  [jvm.dll+0xabd7b]
V  [jvm.dll+0xac30c]
V  [jvm.dll+0x363a42]
V  [jvm.dll+0x1bbd52]
V  [jvm.dll+0x2187d9]
V  [jvm.dll+0x217aa1]
V  [jvm.dll+0x1a3f8d]
V  [jvm.dll+0x227498]
V  [jvm.dll+0x2255e5]
V  [jvm.dll+0x7e7e9b]
V  [jvm.dll+0x7e240a]
V  [jvm.dll+0x6761a5]
C  [ucrtbase.dll+0x29363]
C  [KERNEL32.DLL+0x1257d]
C  [ntdll.dll+0x5aa58]


---------------  P R O C E S S  ---------------

Threads class SMR info:
_java_thread_list=0x00000165281315d0, length=41, elements={
0x0000016526e26c00, 0x0000016526e27a70, 0x0000016526e3c380, 0x0000016526e3cf30,
0x0000016526e41010, 0x0000016526e419c0, 0x0000016526e4e7d0, 0x0000016526e4f1c0,
0x0000016526e51bc0, 0x00000165278e4450, 0x0000016527920090, 0x0000016527922aa0,
0x00000165279284b0, 0x00000165279335e0, 0x0000016527de43b0, 0x0000016527dffbb0,
0x0000016527e09a20, 0x0000016508ac5760, 0x0000016526e9eb60, 0x0000016526e9fa60,
0x0000016527838780, 0x0000016527e6b960, 0x0000016527e6be30, 0x000001652a051290,
0x000001652a052f70, 0x000001652a056e00, 0x000001652a0555f0, 0x000001652a055ac0,
0x000001652a052aa0, 0x000001652a0577a0, 0x000001652a056930, 0x000001652a0572d0,
0x000001652a058140, 0x0000016527e6d640, 0x0000016529dc6e90, 0x0000016529dc7360,
0x0000016529dcad20, 0x0000016529dcca00, 0x0000016529dc7d00, 0x0000016529dc81d0,
0x0000016529dc99e0
}

Java Threads: ( => current thread )
  0x0000016526e26c00 JavaThread "Reference Handler" daemon [_thread_blocked, id=49168, stack(0x0000003af9400000,0x0000003af9500000)]
  0x0000016526e27a70 JavaThread "Finalizer" daemon [_thread_blocked, id=52980, stack(0x0000003af9500000,0x0000003af9600000)]
  0x0000016526e3c380 JavaThread "Signal Dispatcher" daemon [_thread_blocked, id=71312, stack(0x0000003af9600000,0x0000003af9700000)]
  0x0000016526e3cf30 JavaThread "Attach Listener" daemon [_thread_blocked, id=69476, stack(0x0000003af9700000,0x0000003af9800000)]
  0x0000016526e41010 JavaThread "Service Thread" daemon [_thread_blocked, id=67256, stack(0x0000003af9800000,0x0000003af9900000)]
  0x0000016526e419c0 JavaThread "Monitor Deflation Thread" daemon [_thread_blocked, id=64188, stack(0x0000003af9900000,0x0000003af9a00000)]
=>0x0000016526e4e7d0 JavaThread "C2 CompilerThread0" daemon [_thread_in_native, id=71056, stack(0x0000003af9a00000,0x0000003af9b00000)]
  0x0000016526e4f1c0 JavaThread "C1 CompilerThread0" daemon [_thread_blocked, id=62404, stack(0x0000003af9b00000,0x0000003af9c00000)]
  0x0000016526e51bc0 JavaThread "Sweeper thread" daemon [_thread_blocked, id=71264, stack(0x0000003af9c00000,0x0000003af9d00000)]
  0x00000165278e4450 JavaThread "JDWP Transport Listener: dt_shmem" daemon [_thread_blocked, id=71084, stack(0x0000003af9d00000,0x0000003af9e00000)]
  0x0000016527920090 JavaThread "JDWP Event Helper Thread" daemon [_thread_blocked, id=59904, stack(0x0000003af9e00000,0x0000003af9f00000)]
  0x0000016527922aa0 JavaThread "JDWP Command Reader" daemon [_thread_in_native, id=26828, stack(0x0000003af9f00000,0x0000003afa000000)]
  0x00000165279284b0 JavaThread "Notification Thread" daemon [_thread_blocked, id=60524, stack(0x0000003afa000000,0x0000003afa100000)]
  0x00000165279335e0 JavaThread "Common-Cleaner" daemon [_thread_blocked, id=70920, stack(0x0000003afa200000,0x0000003afa300000)]
  0x0000016527de43b0 JavaThread "Java2D Disposer" daemon [_thread_blocked, id=59112, stack(0x0000003afa300000,0x0000003afa400000)]
  0x0000016527dffbb0 JavaThread "AWT-Windows" daemon [_thread_in_native, id=66664, stack(0x0000003afa500000,0x0000003afa600000)]
  0x0000016527e09a20 JavaThread "BlueJ worker thread" [_thread_blocked, id=71572, stack(0x0000003afa700000,0x0000003afa800000)]
  0x0000016508ac5760 JavaThread "DestroyJavaVM" [_thread_blocked, id=69292, stack(0x0000003af8d00000,0x0000003af8e00000)]
  0x0000016526e9eb60 JavaThread "Thread-0" [_thread_in_native, id=71224, stack(0x0000003afa600000,0x0000003afa700000)]
  0x0000016526e9fa60 JavaThread "Thread-1" [_thread_blocked, id=71652, stack(0x0000003afa800000,0x0000003afa900000)]
  0x0000016527838780 JavaThread "AWT-Shutdown" [_thread_blocked, id=69876, stack(0x0000003afa900000,0x0000003afaa00000)]
  0x0000016527e6b960 JavaThread "AWT-EventQueue-0" [_thread_in_native, id=62476, stack(0x0000003afaa00000,0x0000003afab00000)]
  0x0000016527e6be30 JavaThread "QuantumRenderer-0" daemon [_thread_blocked, id=71132, stack(0x0000003afac00000,0x0000003afad00000)]
  0x000001652a051290 JavaThread "Thread-3" [_thread_blocked, id=61720, stack(0x0000003afb800000,0x0000003afb900000)]
  0x000001652a052f70 JavaThread "main" [_thread_blocked, id=71228, stack(0x0000003afb900000,0x0000003afba00000)]
  0x000001652a056e00 JavaThread "Thread-6" [_thread_in_native, id=56516, stack(0x0000003afbb00000,0x0000003afbc00000)]
  0x000001652a0555f0 JavaThread "Thread-7" [_thread_in_native, id=67816, stack(0x0000003afbc00000,0x0000003afbd00000)]
  0x000001652a055ac0 JavaThread "Thread-8" [_thread_in_native, id=70056, stack(0x0000003afbd00000,0x0000003afbe00000)]
  0x000001652a052aa0 JavaThread "Thread-9" [_thread_in_native, id=40920, stack(0x0000003afbe00000,0x0000003afbf00000)]
  0x000001652a0577a0 JavaThread "Thread-10" [_thread_blocked, id=63940, stack(0x0000003afbf00000,0x0000003afc000000)]
  0x000001652a056930 JavaThread "Thread-14" [_thread_blocked, id=55364, stack(0x0000003afc100000,0x0000003afc200000)]
  0x000001652a0572d0 JavaThread "Thread-15" [_thread_blocked, id=69464, stack(0x0000003afc000000,0x0000003afc100000)]
  0x000001652a058140 JavaThread "Java Sound Event Dispatcher" daemon [_thread_blocked, id=28020, stack(0x0000003afc500000,0x0000003afc600000)]
  0x0000016527e6d640 JavaThread "Direct Clip" daemon [_thread_blocked, id=56040, stack(0x0000003afc800000,0x0000003afc900000)]
  0x0000016529dc6e90 JavaThread "Thread-17" [_thread_blocked, id=58284, stack(0x0000003afb400000,0x0000003afb500000)]
  0x0000016529dc7360 JavaThread "Thread-18" [_thread_blocked, id=59516, stack(0x0000003afba00000,0x0000003afbb00000)]
  0x0000016529dcad20 JavaThread "Thread-36" [_thread_blocked, id=70584, stack(0x0000003afcb00000,0x0000003afcc00000)]
  0x0000016529dcca00 JavaThread "Thread-37" [_thread_blocked, id=59212, stack(0x0000003afce00000,0x0000003afcf00000)]
  0x0000016529dc7d00 JavaThread "Direct Clip" daemon [_thread_blocked, id=64276, stack(0x0000003afcd00000,0x0000003afce00000)]
  0x0000016529dc81d0 JavaThread "Thread-39" [_thread_blocked, id=71440, stack(0x0000003afa400000,0x0000003afa500000)]
  0x0000016529dc99e0 JavaThread "Thread-40" [_thread_blocked, id=69824, stack(0x0000003afcc00000,0x0000003afcd00000)]

Other Threads:
  0x0000016526e23010 VMThread "VM Thread" [stack: 0x0000003af9300000,0x0000003af9400000] [id=70812]
  0x0000016508b52360 WatcherThread [stack: 0x0000003afa100000,0x0000003afa200000] [id=61024]
  0x0000016508b1e9d0 GCTaskThread "GC Thread#0" [stack: 0x0000003af8e00000,0x0000003af8f00000] [id=64216]
  0x0000016528214480 GCTaskThread "GC Thread#1" [stack: 0x0000003afab00000,0x0000003afac00000] [id=63540]
  0x0000016528214730 GCTaskThread "GC Thread#2" [stack: 0x0000003afad00000,0x0000003afae00000] [id=69280]
  0x00000165282149e0 GCTaskThread "GC Thread#3" [stack: 0x0000003afae00000,0x0000003afaf00000] [id=62992]
  0x00000165280bfdb0 GCTaskThread "GC Thread#4" [stack: 0x0000003afaf00000,0x0000003afb000000] [id=68380]
  0x00000165280c0060 GCTaskThread "GC Thread#5" [stack: 0x0000003afb000000,0x0000003afb100000] [id=69388]
  0x00000165280c0310 GCTaskThread "GC Thread#6" [stack: 0x0000003afb100000,0x0000003afb200000] [id=56968]
  0x0000016528214c90 GCTaskThread "GC Thread#7" [stack: 0x0000003afb200000,0x0000003afb300000] [id=68668]
  0x0000016508b2f590 ConcurrentGCThread "G1 Main Marker" [stack: 0x0000003af8f00000,0x0000003af9000000] [id=57396]
  0x0000016508b2ffa0 ConcurrentGCThread "G1 Conc#0" [stack: 0x0000003af9000000,0x0000003af9100000] [id=53560]
  0x0000016529878b50 ConcurrentGCThread "G1 Conc#1" [stack: 0x0000003afc400000,0x0000003afc500000] [id=70320]
  0x0000016526ce20c0 ConcurrentGCThread "G1 Refine#0" [stack: 0x0000003af9100000,0x0000003af9200000] [id=66604]
  0x00000165282e6930 ConcurrentGCThread "G1 Refine#1" [stack: 0x0000003afb300000,0x0000003afb400000] [id=71544]
  0x0000016526ce3af0 ConcurrentGCThread "G1 Service" [stack: 0x0000003af9200000,0x0000003af9300000] [id=68040]

Threads with active compile tasks:
C2 CompilerThread0    78107 4319   !   4       sun.awt.PostEventQueue::flush (168 bytes)

VM state: not at safepoint (normal execution)

VM Mutex/Monitor currently owned by a thread: None

Heap address: 0x0000000081c00000, size: 2020 MB, Compressed Oops mode: 32-bit

CDS archive(s) mapped at: [0x0000000800000000-0x0000000800bc0000-0x0000000800bc0000), size 12320768, SharedBaseAddress: 0x0000000800000000, ArchiveRelocationMode: 0.
Compressed class space mapped at: 0x0000000800c00000-0x0000000840c00000, reserved size: 1073741824
Narrow klass base: 0x0000000800000000, Narrow klass shift: 0, Narrow klass range: 0x100000000

GC Precious Log:
 CPUs: 8 total, 8 available
 Memory: 8078M
 Large Page Support: Disabled
 NUMA Support: Disabled
 Compressed Oops: Enabled (32-bit)
 Heap Region Size: 1M
 Heap Min Capacity: 8M
 Heap Initial Capacity: 128M
 Heap Max Capacity: 2020M
 Pre-touch: Disabled
 Parallel Workers: 8
 Concurrent Workers: 2
 Concurrent Refinement Workers: 8
 Periodic GC: Disabled

Heap:
 garbage-first heap   total 270336K, used 92139K [0x0000000081c00000, 0x0000000100000000)
  region size 1024K, 9 young (9216K), 3 survivors (3072K)
 Metaspace       used 17657K, committed 18048K, reserved 1064960K
  class space    used 1841K, committed 2048K, reserved 1048576K

Heap Regions: E=young(eden), S=young(survivor), O=old, HS=humongous(starts), HC=humongous(continues), CS=collection set, F=free, OA=open archive, CA=closed archive, TAMS=top-at-mark-start (previous, next)
|   0|0x0000000081c00000, 0x0000000081d00000, 0x0000000081d00000|100%|HS|  |TAMS 0x0000000081d00000, 0x0000000081d00000| Complete 
|   1|0x0000000081d00000, 0x0000000081e00000, 0x0000000081e00000|100%|HC|  |TAMS 0x0000000081e00000, 0x0000000081e00000| Complete 
|   2|0x0000000081e00000, 0x0000000081f00000, 0x0000000081f00000|100%| O|  |TAMS 0x0000000081f00000, 0x0000000081f00000| Untracked 
|   3|0x0000000081f00000, 0x0000000082000000, 0x0000000082000000|100%| O|  |TAMS 0x0000000082000000, 0x0000000082000000| Untracked 
|   4|0x0000000082000000, 0x0000000082100000, 0x0000000082100000|100%|HS|  |TAMS 0x0000000082100000, 0x0000000082100000| Complete 
|   5|0x0000000082100000, 0x0000000082200000, 0x0000000082200000|100%|HC|  |TAMS 0x0000000082200000, 0x0000000082200000| Complete 
|   6|0x0000000082200000, 0x0000000082300000, 0x0000000082300000|100%| O|  |TAMS 0x0000000082300000, 0x0000000082300000| Untracked 
|   7|0x0000000082300000, 0x0000000082400000, 0x0000000082400000|100%|HS|  |TAMS 0x0000000082400000, 0x0000000082400000| Complete 
|   8|0x0000000082400000, 0x0000000082500000, 0x0000000082500000|100%|HS|  |TAMS 0x0000000082500000, 0x0000000082500000| Complete 
|   9|0x0000000082500000, 0x0000000082600000, 0x0000000082600000|100%|HC|  |TAMS 0x0000000082600000, 0x0000000082600000| Complete 
|  10|0x0000000082600000, 0x0000000082700000, 0x0000000082700000|100%|HS|  |TAMS 0x0000000082700000, 0x0000000082700000| Complete 
|  11|0x0000000082700000, 0x0000000082800000, 0x0000000082800000|100%|HC|  |TAMS 0x0000000082800000, 0x0000000082800000| Complete 
|  12|0x0000000082800000, 0x0000000082900000, 0x0000000082900000|100%|HC|  |TAMS 0x0000000082900000, 0x0000000082900000| Complete 
|  13|0x0000000082900000, 0x0000000082a00000, 0x0000000082a00000|100%| O|  |TAMS 0x0000000082a00000, 0x0000000082a00000| Untracked 
|  14|0x0000000082a00000, 0x0000000082b00000, 0x0000000082b00000|100%| O|  |TAMS 0x0000000082b00000, 0x0000000082b00000| Untracked 
|  15|0x0000000082b00000, 0x0000000082b00000, 0x0000000082c00000|  0%| F|  |TAMS 0x0000000082b00000, 0x0000000082b00000| Untracked 
|  16|0x0000000082c00000, 0x0000000082d00000, 0x0000000082d00000|100%|HS|  |TAMS 0x0000000082d00000, 0x0000000082d00000| Complete 
|  17|0x0000000082d00000, 0x0000000082e00000, 0x0000000082e00000|100%|HC|  |TAMS 0x0000000082e00000, 0x0000000082e00000| Complete 
|  18|0x0000000082e00000, 0x0000000082f00000, 0x0000000082f00000|100%|HS|  |TAMS 0x0000000082f00000, 0x0000000082f00000| Complete 
|  19|0x0000000082f00000, 0x0000000083000000, 0x0000000083000000|100%|HC|  |TAMS 0x0000000083000000, 0x0000000083000000| Complete 
|  20|0x0000000083000000, 0x0000000083100000, 0x0000000083100000|100%|HS|  |TAMS 0x0000000083100000, 0x0000000083100000| Complete 
|  21|0x0000000083100000, 0x0000000083200000, 0x0000000083200000|100%|HC|  |TAMS 0x0000000083200000, 0x0000000083200000| Complete 
|  22|0x0000000083200000, 0x0000000083300000, 0x0000000083300000|100%|HS|  |TAMS 0x0000000083300000, 0x0000000083300000| Complete 
|  23|0x0000000083300000, 0x0000000083400000, 0x0000000083400000|100%|HC|  |TAMS 0x0000000083400000, 0x0000000083400000| Complete 
|  24|0x0000000083400000, 0x0000000083500000, 0x0000000083500000|100%|HS|  |TAMS 0x0000000083500000, 0x0000000083500000| Complete 
|  25|0x0000000083500000, 0x0000000083600000, 0x0000000083600000|100%|HC|  |TAMS 0x0000000083600000, 0x0000000083600000| Complete 
|  26|0x0000000083600000, 0x0000000083700000, 0x0000000083700000|100%|HS|  |TAMS 0x0000000083700000, 0x0000000083700000| Complete 
|  27|0x0000000083700000, 0x0000000083800000, 0x0000000083800000|100%|HC|  |TAMS 0x0000000083800000, 0x0000000083800000| Complete 
|  28|0x0000000083800000, 0x0000000083900000, 0x0000000083900000|100%|HS|  |TAMS 0x0000000083900000, 0x0000000083900000| Complete 
|  29|0x0000000083900000, 0x0000000083a00000, 0x0000000083a00000|100%|HC|  |TAMS 0x0000000083a00000, 0x0000000083a00000| Complete 
|  30|0x0000000083a00000, 0x0000000083b00000, 0x0000000083b00000|100%|HS|  |TAMS 0x0000000083b00000, 0x0000000083b00000| Complete 
|  31|0x0000000083b00000, 0x0000000083c00000, 0x0000000083c00000|100%|HC|  |TAMS 0x0000000083c00000, 0x0000000083c00000| Complete 
|  32|0x0000000083c00000, 0x0000000083d00000, 0x0000000083d00000|100%|HS|  |TAMS 0x0000000083d00000, 0x0000000083d00000| Complete 
|  33|0x0000000083d00000, 0x0000000083e00000, 0x0000000083e00000|100%|HC|  |TAMS 0x0000000083e00000, 0x0000000083e00000| Complete 
|  34|0x0000000083e00000, 0x0000000083e00000, 0x0000000083f00000|  0%| F|  |TAMS 0x0000000083e00000, 0x0000000083e00000| Untracked 
|  35|0x0000000083f00000, 0x0000000084000000, 0x0000000084000000|100%| O|  |TAMS 0x0000000084000000, 0x0000000084000000| Untracked 
|  36|0x0000000084000000, 0x0000000084100000, 0x0000000084100000|100%| O|  |TAMS 0x0000000084100000, 0x0000000084100000| Untracked 
|  37|0x0000000084100000, 0x0000000084200000, 0x0000000084200000|100%|HS|  |TAMS 0x0000000084200000, 0x0000000084200000| Complete 
|  38|0x0000000084200000, 0x0000000084300000, 0x0000000084300000|100%|HC|  |TAMS 0x0000000084300000, 0x0000000084300000| Complete 
|  39|0x0000000084300000, 0x0000000084400000, 0x0000000084400000|100%|HS|  |TAMS 0x0000000084400000, 0x0000000084400000| Complete 
|  40|0x0000000084400000, 0x0000000084500000, 0x0000000084500000|100%|HC|  |TAMS 0x0000000084500000, 0x0000000084500000| Complete 
|  41|0x0000000084500000, 0x0000000084600000, 0x0000000084600000|100%|HS|  |TAMS 0x0000000084600000, 0x0000000084600000| Complete 
|  42|0x0000000084600000, 0x0000000084700000, 0x0000000084700000|100%|HC|  |TAMS 0x0000000084700000, 0x0000000084700000| Complete 
|  43|0x0000000084700000, 0x0000000084800000, 0x0000000084800000|100%|HS|  |TAMS 0x0000000084800000, 0x0000000084800000| Complete 
|  44|0x0000000084800000, 0x0000000084900000, 0x0000000084900000|100%|HC|  |TAMS 0x0000000084900000, 0x0000000084900000| Complete 
|  45|0x0000000084900000, 0x0000000084a00000, 0x0000000084a00000|100%| O|  |TAMS 0x0000000084a00000, 0x0000000084a00000| Untracked 
|  46|0x0000000084a00000, 0x0000000084b00000, 0x0000000084b00000|100%|HS|  |TAMS 0x0000000084b00000, 0x0000000084b00000| Complete 
|  47|0x0000000084b00000, 0x0000000084c00000, 0x0000000084c00000|100%|HC|  |TAMS 0x0000000084c00000, 0x0000000084c00000| Complete 
|  48|0x0000000084c00000, 0x0000000084d00000, 0x0000000084d00000|100%|HC|  |TAMS 0x0000000084d00000, 0x0000000084d00000| Complete 
|  49|0x0000000084d00000, 0x0000000084e00000, 0x0000000084e00000|100%|HS|  |TAMS 0x0000000084e00000, 0x0000000084e00000| Complete 
|  50|0x0000000084e00000, 0x0000000084f00000, 0x0000000084f00000|100%|HC|  |TAMS 0x0000000084f00000, 0x0000000084f00000| Complete 
|  51|0x0000000084f00000, 0x0000000085000000, 0x0000000085000000|100%| O|  |TAMS 0x0000000085000000, 0x0000000085000000| Untracked 
|  52|0x0000000085000000, 0x0000000085100000, 0x0000000085100000|100%| O|  |TAMS 0x0000000085100000, 0x0000000085100000| Untracked 
|  53|0x0000000085100000, 0x0000000085200000, 0x0000000085200000|100%| O|  |TAMS 0x0000000085200000, 0x0000000085200000| Untracked 
|  54|0x0000000085200000, 0x0000000085200000, 0x0000000085300000|  0%| F|  |TAMS 0x0000000085200000, 0x0000000085200000| Untracked 
|  55|0x0000000085300000, 0x00000000853b3e00, 0x0000000085400000| 70%| O|  |TAMS 0x00000000853b3e00, 0x00000000853b3e00| Untracked 
|  56|0x0000000085400000, 0x0000000085400000, 0x0000000085500000|  0%| F|  |TAMS 0x0000000085400000, 0x0000000085400000| Untracked 
|  57|0x0000000085500000, 0x0000000085500000, 0x0000000085600000|  0%| F|  |TAMS 0x0000000085500000, 0x0000000085500000| Untracked 
|  58|0x0000000085600000, 0x0000000085600000, 0x0000000085700000|  0%| F|  |TAMS 0x0000000085600000, 0x0000000085600000| Untracked 
|  59|0x0000000085700000, 0x0000000085800000, 0x0000000085800000|100%|HS|  |TAMS 0x0000000085700000, 0x0000000085800000| Complete 
|  60|0x0000000085800000, 0x0000000085900000, 0x0000000085900000|100%|HC|  |TAMS 0x0000000085800000, 0x0000000085900000| Complete 
|  61|0x0000000085900000, 0x0000000085a00000, 0x0000000085a00000|100%|HS|  |TAMS 0x0000000085900000, 0x0000000085a00000| Complete 
|  62|0x0000000085a00000, 0x0000000085b00000, 0x0000000085b00000|100%|HC|  |TAMS 0x0000000085a00000, 0x0000000085b00000| Complete 
|  63|0x0000000085b00000, 0x0000000085c00000, 0x0000000085c00000|100%|HS|  |TAMS 0x0000000085b00000, 0x0000000085b00000| Complete 
|  64|0x0000000085c00000, 0x0000000085d00000, 0x0000000085d00000|100%|HC|  |TAMS 0x0000000085c00000, 0x0000000085c00000| Complete 
|  65|0x0000000085d00000, 0x0000000085d00000, 0x0000000085e00000|  0%| F|  |TAMS 0x0000000085d00000, 0x0000000085d00000| Untracked 
|  66|0x0000000085e00000, 0x0000000085e00000, 0x0000000085f00000|  0%| F|  |TAMS 0x0000000085e00000, 0x0000000085e00000| Untracked 
|  67|0x0000000085f00000, 0x0000000086000000, 0x0000000086000000|100%| O|  |TAMS 0x0000000086000000, 0x0000000086000000| Untracked 
|  68|0x0000000086000000, 0x0000000086100000, 0x0000000086100000|100%| O|  |TAMS 0x0000000086100000, 0x0000000086100000| Untracked 
|  69|0x0000000086100000, 0x0000000086200000, 0x0000000086200000|100%| O|  |TAMS 0x0000000086200000, 0x0000000086200000| Untracked 
|  70|0x0000000086200000, 0x0000000086300000, 0x0000000086300000|100%| O|  |TAMS 0x0000000086300000, 0x0000000086300000| Untracked 
|  71|0x0000000086300000, 0x0000000086400000, 0x0000000086400000|100%|HS|  |TAMS 0x0000000086300000, 0x0000000086400000| Complete 
|  72|0x0000000086400000, 0x0000000086500000, 0x0000000086500000|100%|HC|  |TAMS 0x0000000086400000, 0x0000000086500000| Complete 
|  73|0x0000000086500000, 0x0000000086600000, 0x0000000086600000|100%|HC|  |TAMS 0x0000000086500000, 0x0000000086600000| Complete 
|  74|0x0000000086600000, 0x0000000086600000, 0x0000000086700000|  0%| F|  |TAMS 0x0000000086600000, 0x0000000086600000| Untracked 
|  75|0x0000000086700000, 0x0000000086700000, 0x0000000086800000|  0%| F|  |TAMS 0x0000000086700000, 0x0000000086700000| Untracked 
|  76|0x0000000086800000, 0x0000000086800000, 0x0000000086900000|  0%| F|  |TAMS 0x0000000086800000, 0x0000000086800000| Untracked 
|  77|0x0000000086900000, 0x0000000086900000, 0x0000000086a00000|  0%| F|  |TAMS 0x0000000086900000, 0x0000000086900000| Untracked 
|  78|0x0000000086a00000, 0x0000000086a00000, 0x0000000086b00000|  0%| F|  |TAMS 0x0000000086a00000, 0x0000000086a00000| Untracked 
|  79|0x0000000086b00000, 0x0000000086b00000, 0x0000000086c00000|  0%| F|  |TAMS 0x0000000086b00000, 0x0000000086b00000| Untracked 
|  80|0x0000000086c00000, 0x0000000086c00000, 0x0000000086d00000|  0%| F|  |TAMS 0x0000000086c00000, 0x0000000086c00000| Untracked 
|  81|0x0000000086d00000, 0x0000000086d00000, 0x0000000086e00000|  0%| F|  |TAMS 0x0000000086d00000, 0x0000000086d00000| Untracked 
|  82|0x0000000086e00000, 0x0000000086e00000, 0x0000000086f00000|  0%| F|  |TAMS 0x0000000086e00000, 0x0000000086e00000| Untracked 
|  83|0x0000000086f00000, 0x0000000086f00000, 0x0000000087000000|  0%| F|  |TAMS 0x0000000086f00000, 0x0000000086f00000| Untracked 
|  84|0x0000000087000000, 0x0000000087000000, 0x0000000087100000|  0%| F|  |TAMS 0x0000000087000000, 0x0000000087000000| Untracked 
|  85|0x0000000087100000, 0x0000000087100000, 0x0000000087200000|  0%| F|  |TAMS 0x0000000087100000, 0x0000000087100000| Untracked 
|  86|0x0000000087200000, 0x0000000087300000, 0x0000000087300000|100%|HS|  |TAMS 0x0000000087200000, 0x0000000087200000| Complete 
|  87|0x0000000087300000, 0x0000000087400000, 0x0000000087400000|100%|HC|  |TAMS 0x0000000087300000, 0x0000000087300000| Complete 
|  88|0x0000000087400000, 0x0000000087500000, 0x0000000087500000|100%|HC|  |TAMS 0x0000000087400000, 0x0000000087400000| Complete 
|  89|0x0000000087500000, 0x0000000087500000, 0x0000000087600000|  0%| F|  |TAMS 0x0000000087500000, 0x0000000087500000| Untracked 
|  90|0x0000000087600000, 0x0000000087600000, 0x0000000087700000|  0%| F|  |TAMS 0x0000000087600000, 0x0000000087600000| Untracked 
|  91|0x0000000087700000, 0x0000000087700000, 0x0000000087800000|  0%| F|  |TAMS 0x0000000087700000, 0x0000000087700000| Untracked 
|  92|0x0000000087800000, 0x0000000087900000, 0x0000000087900000|100%|HS|  |TAMS 0x0000000087800000, 0x0000000087800000| Complete 
|  93|0x0000000087900000, 0x0000000087a00000, 0x0000000087a00000|100%|HC|  |TAMS 0x0000000087900000, 0x0000000087900000| Complete 
|  94|0x0000000087a00000, 0x0000000087a00000, 0x0000000087b00000|  0%| F|  |TAMS 0x0000000087a00000, 0x0000000087a00000| Untracked 
|  95|0x0000000087b00000, 0x0000000087b00000, 0x0000000087c00000|  0%| F|  |TAMS 0x0000000087b00000, 0x0000000087b00000| Untracked 
|  96|0x0000000087c00000, 0x0000000087c00000, 0x0000000087d00000|  0%| F|  |TAMS 0x0000000087c00000, 0x0000000087c00000| Untracked 
|  97|0x0000000087d00000, 0x0000000087d00000, 0x0000000087e00000|  0%| F|  |TAMS 0x0000000087d00000, 0x0000000087d00000| Untracked 
|  98|0x0000000087e00000, 0x0000000087f00000, 0x0000000087f00000|100%|HS|  |TAMS 0x0000000087e00000, 0x0000000087e00000| Complete 
|  99|0x0000000087f00000, 0x0000000088000000, 0x0000000088000000|100%|HC|  |TAMS 0x0000000087f00000, 0x0000000087f00000| Complete 
| 100|0x0000000088000000, 0x0000000088000000, 0x0000000088100000|  0%| F|  |TAMS 0x0000000088000000, 0x0000000088000000| Untracked 
| 101|0x0000000088100000, 0x0000000088200000, 0x0000000088200000|100%|HS|  |TAMS 0x0000000088100000, 0x0000000088100000| Complete 
| 102|0x0000000088200000, 0x0000000088300000, 0x0000000088300000|100%|HS|  |TAMS 0x0000000088200000, 0x0000000088200000| Complete 
| 103|0x0000000088300000, 0x0000000088400000, 0x0000000088400000|100%|HC|  |TAMS 0x0000000088300000, 0x0000000088300000| Complete 
| 104|0x0000000088400000, 0x0000000088400000, 0x0000000088500000|  0%| F|  |TAMS 0x0000000088400000, 0x0000000088400000| Untracked 
| 105|0x0000000088500000, 0x0000000088600000, 0x0000000088600000|100%|HS|  |TAMS 0x0000000088500000, 0x0000000088500000| Complete 
| 106|0x0000000088600000, 0x0000000088700000, 0x0000000088700000|100%|HS|  |TAMS 0x0000000088600000, 0x0000000088600000| Complete 
| 107|0x0000000088700000, 0x0000000088800000, 0x0000000088800000|100%|HC|  |TAMS 0x0000000088700000, 0x0000000088700000| Complete 
| 108|0x0000000088800000, 0x0000000088900000, 0x0000000088900000|100%|HS|  |TAMS 0x0000000088800000, 0x0000000088800000| Complete 
| 109|0x0000000088900000, 0x0000000088a00000, 0x0000000088a00000|100%|HC|  |TAMS 0x0000000088900000, 0x0000000088900000| Complete 
| 110|0x0000000088a00000, 0x0000000088b00000, 0x0000000088b00000|100%|HS|  |TAMS 0x0000000088a00000, 0x0000000088a00000| Complete 
| 111|0x0000000088b00000, 0x0000000088c00000, 0x0000000088c00000|100%|HC|  |TAMS 0x0000000088b00000, 0x0000000088b00000| Complete 
| 112|0x0000000088c00000, 0x0000000088c00000, 0x0000000088d00000|  0%| F|  |TAMS 0x0000000088c00000, 0x0000000088c00000| Untracked 
| 113|0x0000000088d00000, 0x0000000088d470d8, 0x0000000088e00000| 27%| S|CS|TAMS 0x0000000088d00000, 0x0000000088d00000| Complete 
| 114|0x0000000088e00000, 0x0000000088f00000, 0x0000000088f00000|100%| S|CS|TAMS 0x0000000088e00000, 0x0000000088e00000| Complete 
| 115|0x0000000088f00000, 0x0000000089000000, 0x0000000089000000|100%| S|CS|TAMS 0x0000000088f00000, 0x0000000088f00000| Complete 
| 116|0x0000000089000000, 0x0000000089000000, 0x0000000089100000|  0%| F|  |TAMS 0x0000000089000000, 0x0000000089000000| Untracked 
| 117|0x0000000089100000, 0x0000000089100000, 0x0000000089200000|  0%| F|  |TAMS 0x0000000089100000, 0x0000000089100000| Untracked 
| 118|0x0000000089200000, 0x0000000089200000, 0x0000000089300000|  0%| F|  |TAMS 0x0000000089200000, 0x0000000089200000| Untracked 
| 119|0x0000000089300000, 0x0000000089300000, 0x0000000089400000|  0%| F|  |TAMS 0x0000000089300000, 0x0000000089300000| Untracked 
| 120|0x0000000089400000, 0x0000000089400000, 0x0000000089500000|  0%| F|  |TAMS 0x0000000089400000, 0x0000000089400000| Untracked 
| 121|0x0000000089500000, 0x0000000089500000, 0x0000000089600000|  0%| F|  |TAMS 0x0000000089500000, 0x0000000089500000| Untracked 
| 122|0x0000000089600000, 0x0000000089600000, 0x0000000089700000|  0%| F|  |TAMS 0x0000000089600000, 0x0000000089600000| Untracked 
| 123|0x0000000089700000, 0x0000000089700000, 0x0000000089800000|  0%| F|  |TAMS 0x0000000089700000, 0x0000000089700000| Untracked 
| 124|0x0000000089800000, 0x0000000089800000, 0x0000000089900000|  0%| F|  |TAMS 0x0000000089800000, 0x0000000089800000| Untracked 
| 125|0x0000000089900000, 0x0000000089900000, 0x0000000089a00000|  0%| F|  |TAMS 0x0000000089900000, 0x0000000089900000| Untracked 
| 126|0x0000000089a00000, 0x0000000089a00000, 0x0000000089b00000|  0%| F|  |TAMS 0x0000000089a00000, 0x0000000089a00000| Untracked 
| 127|0x0000000089b00000, 0x0000000089b00000, 0x0000000089c00000|  0%| F|  |TAMS 0x0000000089b00000, 0x0000000089b00000| Untracked 
| 128|0x0000000089c00000, 0x0000000089c00000, 0x0000000089d00000|  0%| F|  |TAMS 0x0000000089c00000, 0x0000000089c00000| Untracked 
| 129|0x0000000089d00000, 0x0000000089d00000, 0x0000000089e00000|  0%| F|  |TAMS 0x0000000089d00000, 0x0000000089d00000| Untracked 
| 130|0x0000000089e00000, 0x0000000089e00000, 0x0000000089f00000|  0%| F|  |TAMS 0x0000000089e00000, 0x0000000089e00000| Untracked 
| 131|0x0000000089f00000, 0x0000000089f00000, 0x000000008a000000|  0%| F|  |TAMS 0x0000000089f00000, 0x0000000089f00000| Untracked 
| 132|0x000000008a000000, 0x000000008a000000, 0x000000008a100000|  0%| F|  |TAMS 0x000000008a000000, 0x000000008a000000| Untracked 
| 133|0x000000008a100000, 0x000000008a100000, 0x000000008a200000|  0%| F|  |TAMS 0x000000008a100000, 0x000000008a100000| Untracked 
| 134|0x000000008a200000, 0x000000008a200000, 0x000000008a300000|  0%| F|  |TAMS 0x000000008a200000, 0x000000008a200000| Untracked 
| 135|0x000000008a300000, 0x000000008a300000, 0x000000008a400000|  0%| F|  |TAMS 0x000000008a300000, 0x000000008a300000| Untracked 
| 136|0x000000008a400000, 0x000000008a400000, 0x000000008a500000|  0%| F|  |TAMS 0x000000008a400000, 0x000000008a400000| Untracked 
| 137|0x000000008a500000, 0x000000008a500000, 0x000000008a600000|  0%| F|  |TAMS 0x000000008a500000, 0x000000008a500000| Untracked 
| 138|0x000000008a600000, 0x000000008a600000, 0x000000008a700000|  0%| F|  |TAMS 0x000000008a600000, 0x000000008a600000| Untracked 
| 139|0x000000008a700000, 0x000000008a700000, 0x000000008a800000|  0%| F|  |TAMS 0x000000008a700000, 0x000000008a700000| Untracked 
| 140|0x000000008a800000, 0x000000008a800000, 0x000000008a900000|  0%| F|  |TAMS 0x000000008a800000, 0x000000008a800000| Untracked 
| 141|0x000000008a900000, 0x000000008a900000, 0x000000008aa00000|  0%| F|  |TAMS 0x000000008a900000, 0x000000008a900000| Untracked 
| 142|0x000000008aa00000, 0x000000008aa00000, 0x000000008ab00000|  0%| F|  |TAMS 0x000000008aa00000, 0x000000008aa00000| Untracked 
| 143|0x000000008ab00000, 0x000000008ab00000, 0x000000008ac00000|  0%| F|  |TAMS 0x000000008ab00000, 0x000000008ab00000| Untracked 
| 144|0x000000008ac00000, 0x000000008ac00000, 0x000000008ad00000|  0%| F|  |TAMS 0x000000008ac00000, 0x000000008ac00000| Untracked 
| 145|0x000000008ad00000, 0x000000008ad00000, 0x000000008ae00000|  0%| F|  |TAMS 0x000000008ad00000, 0x000000008ad00000| Untracked 
| 146|0x000000008ae00000, 0x000000008ae00000, 0x000000008af00000|  0%| F|  |TAMS 0x000000008ae00000, 0x000000008ae00000| Untracked 
| 147|0x000000008af00000, 0x000000008af00000, 0x000000008b000000|  0%| F|  |TAMS 0x000000008af00000, 0x000000008af00000| Untracked 
| 148|0x000000008b000000, 0x000000008b000000, 0x000000008b100000|  0%| F|  |TAMS 0x000000008b000000, 0x000000008b000000| Untracked 
| 149|0x000000008b100000, 0x000000008b100000, 0x000000008b200000|  0%| F|  |TAMS 0x000000008b100000, 0x000000008b100000| Untracked 
| 150|0x000000008b200000, 0x000000008b200000, 0x000000008b300000|  0%| F|  |TAMS 0x000000008b200000, 0x000000008b200000| Untracked 
| 151|0x000000008b300000, 0x000000008b300000, 0x000000008b400000|  0%| F|  |TAMS 0x000000008b300000, 0x000000008b300000| Untracked 
| 152|0x000000008b400000, 0x000000008b400000, 0x000000008b500000|  0%| F|  |TAMS 0x000000008b400000, 0x000000008b400000| Untracked 
| 153|0x000000008b500000, 0x000000008b500000, 0x000000008b600000|  0%| F|  |TAMS 0x000000008b500000, 0x000000008b500000| Untracked 
| 154|0x000000008b600000, 0x000000008b600000, 0x000000008b700000|  0%| F|  |TAMS 0x000000008b600000, 0x000000008b600000| Untracked 
| 155|0x000000008b700000, 0x000000008b700000, 0x000000008b800000|  0%| F|  |TAMS 0x000000008b700000, 0x000000008b700000| Untracked 
| 156|0x000000008b800000, 0x000000008b800000, 0x000000008b900000|  0%| F|  |TAMS 0x000000008b800000, 0x000000008b800000| Untracked 
| 157|0x000000008b900000, 0x000000008b900000, 0x000000008ba00000|  0%| F|  |TAMS 0x000000008b900000, 0x000000008b900000| Untracked 
| 158|0x000000008ba00000, 0x000000008ba00000, 0x000000008bb00000|  0%| F|  |TAMS 0x000000008ba00000, 0x000000008ba00000| Untracked 
| 159|0x000000008bb00000, 0x000000008bb00000, 0x000000008bc00000|  0%| F|  |TAMS 0x000000008bb00000, 0x000000008bb00000| Untracked 
| 160|0x000000008bc00000, 0x000000008bc00000, 0x000000008bd00000|  0%| F|  |TAMS 0x000000008bc00000, 0x000000008bc00000| Untracked 
| 161|0x000000008bd00000, 0x000000008bd00000, 0x000000008be00000|  0%| F|  |TAMS 0x000000008bd00000, 0x000000008bd00000| Untracked 
| 162|0x000000008be00000, 0x000000008be00000, 0x000000008bf00000|  0%| F|  |TAMS 0x000000008be00000, 0x000000008be00000| Untracked 
| 163|0x000000008bf00000, 0x000000008bf00000, 0x000000008c000000|  0%| F|  |TAMS 0x000000008bf00000, 0x000000008bf00000| Untracked 
| 164|0x000000008c000000, 0x000000008c000000, 0x000000008c100000|  0%| F|  |TAMS 0x000000008c000000, 0x000000008c000000| Untracked 
| 165|0x000000008c100000, 0x000000008c100000, 0x000000008c200000|  0%| F|  |TAMS 0x000000008c100000, 0x000000008c100000| Untracked 
| 166|0x000000008c200000, 0x000000008c200000, 0x000000008c300000|  0%| F|  |TAMS 0x000000008c200000, 0x000000008c200000| Untracked 
| 167|0x000000008c300000, 0x000000008c300000, 0x000000008c400000|  0%| F|  |TAMS 0x000000008c300000, 0x000000008c300000| Untracked 
| 168|0x000000008c400000, 0x000000008c400000, 0x000000008c500000|  0%| F|  |TAMS 0x000000008c400000, 0x000000008c400000| Untracked 
| 169|0x000000008c500000, 0x000000008c500000, 0x000000008c600000|  0%| F|  |TAMS 0x000000008c500000, 0x000000008c500000| Untracked 
| 170|0x000000008c600000, 0x000000008c600000, 0x000000008c700000|  0%| F|  |TAMS 0x000000008c600000, 0x000000008c600000| Untracked 
| 171|0x000000008c700000, 0x000000008c700000, 0x000000008c800000|  0%| F|  |TAMS 0x000000008c700000, 0x000000008c700000| Untracked 
| 172|0x000000008c800000, 0x000000008c800000, 0x000000008c900000|  0%| F|  |TAMS 0x000000008c800000, 0x000000008c800000| Untracked 
| 173|0x000000008c900000, 0x000000008c900000, 0x000000008ca00000|  0%| F|  |TAMS 0x000000008c900000, 0x000000008c900000| Untracked 
| 174|0x000000008ca00000, 0x000000008ca00000, 0x000000008cb00000|  0%| F|  |TAMS 0x000000008ca00000, 0x000000008ca00000| Untracked 
| 175|0x000000008cb00000, 0x000000008cb00000, 0x000000008cc00000|  0%| F|  |TAMS 0x000000008cb00000, 0x000000008cb00000| Untracked 
| 176|0x000000008cc00000, 0x000000008cc00000, 0x000000008cd00000|  0%| F|  |TAMS 0x000000008cc00000, 0x000000008cc00000| Untracked 
| 177|0x000000008cd00000, 0x000000008cd00000, 0x000000008ce00000|  0%| F|  |TAMS 0x000000008cd00000, 0x000000008cd00000| Untracked 
| 178|0x000000008ce00000, 0x000000008ce00000, 0x000000008cf00000|  0%| F|  |TAMS 0x000000008ce00000, 0x000000008ce00000| Untracked 
| 179|0x000000008cf00000, 0x000000008cf00000, 0x000000008d000000|  0%| F|  |TAMS 0x000000008cf00000, 0x000000008cf00000| Untracked 
| 180|0x000000008d000000, 0x000000008d000000, 0x000000008d100000|  0%| F|  |TAMS 0x000000008d000000, 0x000000008d000000| Untracked 
| 181|0x000000008d100000, 0x000000008d100000, 0x000000008d200000|  0%| F|  |TAMS 0x000000008d100000, 0x000000008d100000| Untracked 
| 182|0x000000008d200000, 0x000000008d200000, 0x000000008d300000|  0%| F|  |TAMS 0x000000008d200000, 0x000000008d200000| Untracked 
| 183|0x000000008d300000, 0x000000008d300000, 0x000000008d400000|  0%| F|  |TAMS 0x000000008d300000, 0x000000008d300000| Untracked 
| 184|0x000000008d400000, 0x000000008d400000, 0x000000008d500000|  0%| F|  |TAMS 0x000000008d400000, 0x000000008d400000| Untracked 
| 185|0x000000008d500000, 0x000000008d500000, 0x000000008d600000|  0%| F|  |TAMS 0x000000008d500000, 0x000000008d500000| Untracked 
| 186|0x000000008d600000, 0x000000008d600000, 0x000000008d700000|  0%| F|  |TAMS 0x000000008d600000, 0x000000008d600000| Untracked 
| 187|0x000000008d700000, 0x000000008d700000, 0x000000008d800000|  0%| F|  |TAMS 0x000000008d700000, 0x000000008d700000| Untracked 
| 188|0x000000008d800000, 0x000000008d800000, 0x000000008d900000|  0%| F|  |TAMS 0x000000008d800000, 0x000000008d800000| Untracked 
| 189|0x000000008d900000, 0x000000008d900000, 0x000000008da00000|  0%| F|  |TAMS 0x000000008d900000, 0x000000008d900000| Untracked 
| 190|0x000000008da00000, 0x000000008da00000, 0x000000008db00000|  0%| F|  |TAMS 0x000000008da00000, 0x000000008da00000| Untracked 
| 191|0x000000008db00000, 0x000000008db00000, 0x000000008dc00000|  0%| F|  |TAMS 0x000000008db00000, 0x000000008db00000| Untracked 
| 192|0x000000008dc00000, 0x000000008dc00000, 0x000000008dd00000|  0%| F|  |TAMS 0x000000008dc00000, 0x000000008dc00000| Untracked 
| 193|0x000000008dd00000, 0x000000008dd00000, 0x000000008de00000|  0%| F|  |TAMS 0x000000008dd00000, 0x000000008dd00000| Untracked 
| 194|0x000000008de00000, 0x000000008de00000, 0x000000008df00000|  0%| F|  |TAMS 0x000000008de00000, 0x000000008de00000| Untracked 
| 195|0x000000008df00000, 0x000000008df00000, 0x000000008e000000|  0%| F|  |TAMS 0x000000008df00000, 0x000000008df00000| Untracked 
| 196|0x000000008e000000, 0x000000008e000000, 0x000000008e100000|  0%| F|  |TAMS 0x000000008e000000, 0x000000008e000000| Untracked 
| 197|0x000000008e100000, 0x000000008e100000, 0x000000008e200000|  0%| F|  |TAMS 0x000000008e100000, 0x000000008e100000| Untracked 
| 198|0x000000008e200000, 0x000000008e200000, 0x000000008e300000|  0%| F|  |TAMS 0x000000008e200000, 0x000000008e200000| Untracked 
| 199|0x000000008e300000, 0x000000008e300000, 0x000000008e400000|  0%| F|  |TAMS 0x000000008e300000, 0x000000008e300000| Untracked 
| 200|0x000000008e400000, 0x000000008e400000, 0x000000008e500000|  0%| F|  |TAMS 0x000000008e400000, 0x000000008e400000| Untracked 
| 201|0x000000008e500000, 0x000000008e500000, 0x000000008e600000|  0%| F|  |TAMS 0x000000008e500000, 0x000000008e500000| Untracked 
| 202|0x000000008e600000, 0x000000008e600000, 0x000000008e700000|  0%| F|  |TAMS 0x000000008e600000, 0x000000008e600000| Untracked 
| 203|0x000000008e700000, 0x000000008e700000, 0x000000008e800000|  0%| F|  |TAMS 0x000000008e700000, 0x000000008e700000| Untracked 
| 204|0x000000008e800000, 0x000000008e800000, 0x000000008e900000|  0%| F|  |TAMS 0x000000008e800000, 0x000000008e800000| Untracked 
| 205|0x000000008e900000, 0x000000008e900000, 0x000000008ea00000|  0%| F|  |TAMS 0x000000008e900000, 0x000000008e900000| Untracked 
| 206|0x000000008ea00000, 0x000000008ea00000, 0x000000008eb00000|  0%| F|  |TAMS 0x000000008ea00000, 0x000000008ea00000| Untracked 
| 207|0x000000008eb00000, 0x000000008eb00000, 0x000000008ec00000|  0%| F|  |TAMS 0x000000008eb00000, 0x000000008eb00000| Untracked 
| 208|0x000000008ec00000, 0x000000008ec00000, 0x000000008ed00000|  0%| F|  |TAMS 0x000000008ec00000, 0x000000008ec00000| Untracked 
| 209|0x000000008ed00000, 0x000000008ed00000, 0x000000008ee00000|  0%| F|  |TAMS 0x000000008ed00000, 0x000000008ed00000| Untracked 
| 210|0x000000008ee00000, 0x000000008ee00000, 0x000000008ef00000|  0%| F|  |TAMS 0x000000008ee00000, 0x000000008ee00000| Untracked 
| 211|0x000000008ef00000, 0x000000008ef00000, 0x000000008f000000|  0%| F|  |TAMS 0x000000008ef00000, 0x000000008ef00000| Untracked 
| 212|0x000000008f000000, 0x000000008f000000, 0x000000008f100000|  0%| F|  |TAMS 0x000000008f000000, 0x000000008f000000| Untracked 
| 213|0x000000008f100000, 0x000000008f100000, 0x000000008f200000|  0%| F|  |TAMS 0x000000008f100000, 0x000000008f100000| Untracked 
| 214|0x000000008f200000, 0x000000008f200000, 0x000000008f300000|  0%| F|  |TAMS 0x000000008f200000, 0x000000008f200000| Untracked 
| 215|0x000000008f300000, 0x000000008f300000, 0x000000008f400000|  0%| F|  |TAMS 0x000000008f300000, 0x000000008f300000| Untracked 
| 216|0x000000008f400000, 0x000000008f400000, 0x000000008f500000|  0%| F|  |TAMS 0x000000008f400000, 0x000000008f400000| Untracked 
| 217|0x000000008f500000, 0x000000008f500000, 0x000000008f600000|  0%| F|  |TAMS 0x000000008f500000, 0x000000008f500000| Untracked 
| 218|0x000000008f600000, 0x000000008f600000, 0x000000008f700000|  0%| F|  |TAMS 0x000000008f600000, 0x000000008f600000| Untracked 
| 219|0x000000008f700000, 0x000000008f700000, 0x000000008f800000|  0%| F|  |TAMS 0x000000008f700000, 0x000000008f700000| Untracked 
| 220|0x000000008f800000, 0x000000008f800000, 0x000000008f900000|  0%| F|  |TAMS 0x000000008f800000, 0x000000008f800000| Untracked 
| 221|0x000000008f900000, 0x000000008f900000, 0x000000008fa00000|  0%| F|  |TAMS 0x000000008f900000, 0x000000008f900000| Untracked 
| 222|0x000000008fa00000, 0x000000008fa00000, 0x000000008fb00000|  0%| F|  |TAMS 0x000000008fa00000, 0x000000008fa00000| Untracked 
| 223|0x000000008fb00000, 0x000000008fb00000, 0x000000008fc00000|  0%| F|  |TAMS 0x000000008fb00000, 0x000000008fb00000| Untracked 
| 224|0x000000008fc00000, 0x000000008fc00000, 0x000000008fd00000|  0%| F|  |TAMS 0x000000008fc00000, 0x000000008fc00000| Untracked 
| 225|0x000000008fd00000, 0x000000008fd00000, 0x000000008fe00000|  0%| F|  |TAMS 0x000000008fd00000, 0x000000008fd00000| Untracked 
| 226|0x000000008fe00000, 0x000000008fe00000, 0x000000008ff00000|  0%| F|  |TAMS 0x000000008fe00000, 0x000000008fe00000| Untracked 
| 227|0x000000008ff00000, 0x000000008ff00000, 0x0000000090000000|  0%| F|  |TAMS 0x000000008ff00000, 0x000000008ff00000| Untracked 
| 228|0x0000000090000000, 0x0000000090000000, 0x0000000090100000|  0%| F|  |TAMS 0x0000000090000000, 0x0000000090000000| Untracked 
| 229|0x0000000090100000, 0x0000000090100000, 0x0000000090200000|  0%| F|  |TAMS 0x0000000090100000, 0x0000000090100000| Untracked 
| 230|0x0000000090200000, 0x0000000090200000, 0x0000000090300000|  0%| F|  |TAMS 0x0000000090200000, 0x0000000090200000| Untracked 
| 231|0x0000000090300000, 0x0000000090300000, 0x0000000090400000|  0%| F|  |TAMS 0x0000000090300000, 0x0000000090300000| Untracked 
| 232|0x0000000090400000, 0x0000000090400000, 0x0000000090500000|  0%| F|  |TAMS 0x0000000090400000, 0x0000000090400000| Untracked 
| 233|0x0000000090500000, 0x0000000090500000, 0x0000000090600000|  0%| F|  |TAMS 0x0000000090500000, 0x0000000090500000| Untracked 
| 234|0x0000000090600000, 0x0000000090600000, 0x0000000090700000|  0%| F|  |TAMS 0x0000000090600000, 0x0000000090600000| Untracked 
| 235|0x0000000090700000, 0x0000000090700000, 0x0000000090800000|  0%| F|  |TAMS 0x0000000090700000, 0x0000000090700000| Untracked 
| 236|0x0000000090800000, 0x0000000090800000, 0x0000000090900000|  0%| F|  |TAMS 0x0000000090800000, 0x0000000090800000| Untracked 
| 237|0x0000000090900000, 0x0000000090900000, 0x0000000090a00000|  0%| F|  |TAMS 0x0000000090900000, 0x0000000090900000| Untracked 
| 238|0x0000000090a00000, 0x0000000090a00000, 0x0000000090b00000|  0%| F|  |TAMS 0x0000000090a00000, 0x0000000090a00000| Untracked 
| 239|0x0000000090b00000, 0x0000000090b00000, 0x0000000090c00000|  0%| F|  |TAMS 0x0000000090b00000, 0x0000000090b00000| Untracked 
| 240|0x0000000090c00000, 0x0000000090c00000, 0x0000000090d00000|  0%| F|  |TAMS 0x0000000090c00000, 0x0000000090c00000| Untracked 
| 241|0x0000000090d00000, 0x0000000090d00000, 0x0000000090e00000|  0%| F|  |TAMS 0x0000000090d00000, 0x0000000090d00000| Untracked 
| 242|0x0000000090e00000, 0x0000000090e00000, 0x0000000090f00000|  0%| F|  |TAMS 0x0000000090e00000, 0x0000000090e00000| Untracked 
| 243|0x0000000090f00000, 0x0000000090f00000, 0x0000000091000000|  0%| F|  |TAMS 0x0000000090f00000, 0x0000000090f00000| Untracked 
| 244|0x0000000091000000, 0x0000000091000000, 0x0000000091100000|  0%| F|  |TAMS 0x0000000091000000, 0x0000000091000000| Untracked 
| 245|0x0000000091100000, 0x0000000091100000, 0x0000000091200000|  0%| F|  |TAMS 0x0000000091100000, 0x0000000091100000| Untracked 
| 246|0x0000000091200000, 0x0000000091200000, 0x0000000091300000|  0%| F|  |TAMS 0x0000000091200000, 0x0000000091200000| Untracked 
| 247|0x0000000091300000, 0x0000000091300000, 0x0000000091400000|  0%| F|  |TAMS 0x0000000091300000, 0x0000000091300000| Untracked 
| 248|0x0000000091400000, 0x0000000091400000, 0x0000000091500000|  0%| F|  |TAMS 0x0000000091400000, 0x0000000091400000| Untracked 
| 249|0x0000000091500000, 0x0000000091500000, 0x0000000091600000|  0%| F|  |TAMS 0x0000000091500000, 0x0000000091500000| Untracked 
| 250|0x0000000091600000, 0x0000000091600000, 0x0000000091700000|  0%| F|  |TAMS 0x0000000091600000, 0x0000000091600000| Untracked 
| 251|0x0000000091700000, 0x0000000091700000, 0x0000000091800000|  0%| F|  |TAMS 0x0000000091700000, 0x0000000091700000| Untracked 
| 252|0x0000000091800000, 0x0000000091800000, 0x0000000091900000|  0%| F|  |TAMS 0x0000000091800000, 0x0000000091800000| Untracked 
| 253|0x0000000091900000, 0x0000000091900000, 0x0000000091a00000|  0%| F|  |TAMS 0x0000000091900000, 0x0000000091900000| Untracked 
| 254|0x0000000091a00000, 0x0000000091a00000, 0x0000000091b00000|  0%| F|  |TAMS 0x0000000091a00000, 0x0000000091a00000| Untracked 
| 255|0x0000000091b00000, 0x0000000091b00000, 0x0000000091c00000|  0%| F|  |TAMS 0x0000000091b00000, 0x0000000091b00000| Untracked 
| 256|0x0000000091c00000, 0x0000000091c00000, 0x0000000091d00000|  0%| F|  |TAMS 0x0000000091c00000, 0x0000000091c00000| Untracked 
| 257|0x0000000091d00000, 0x0000000091d00000, 0x0000000091e00000|  0%| F|  |TAMS 0x0000000091d00000, 0x0000000091d00000| Untracked 
| 258|0x0000000091e00000, 0x0000000091e86ff0, 0x0000000091f00000| 52%| E|  |TAMS 0x0000000091e00000, 0x0000000091e00000| Complete 
| 259|0x0000000091f00000, 0x0000000092000000, 0x0000000092000000|100%| E|CS|TAMS 0x0000000091f00000, 0x0000000091f00000| Complete 
| 260|0x0000000092000000, 0x0000000092100000, 0x0000000092100000|100%| E|CS|TAMS 0x0000000092000000, 0x0000000092000000| Complete 
| 261|0x0000000092100000, 0x0000000092200000, 0x0000000092200000|100%| E|CS|TAMS 0x0000000092100000, 0x0000000092100000| Complete 
| 262|0x0000000092200000, 0x0000000092300000, 0x0000000092300000|100%| E|CS|TAMS 0x0000000092200000, 0x0000000092200000| Complete 
| 263|0x0000000092300000, 0x0000000092400000, 0x0000000092400000|100%| E|CS|TAMS 0x0000000092300000, 0x0000000092300000| Complete 

Card table byte_map: [0x000001651fce0000,0x00000165200e0000] _byte_map_base: 0x000001651f8d2000

Marking Bits (Prev, Next): (CMBitMap*) 0x0000016508b1f020, (CMBitMap*) 0x0000016508b1efe0
 Prev Bits: [0x0000016522470000, 0x0000016524400000)
 Next Bits: [0x00000165204e0000, 0x0000016522470000)

Polling page: 0x0000016506a70000

Metaspace:

Usage:
  Non-class:     15.44 MB used.
      Class:      1.80 MB used.
       Both:     17.24 MB used.

Virtual space:
  Non-class space:       16.00 MB reserved,      15.62 MB ( 98%) committed,  2 nodes.
      Class space:        1.00 GB reserved,       2.00 MB ( <1%) committed,  1 nodes.
             Both:        1.02 GB reserved,      17.62 MB (  2%) committed. 

Chunk freelists:
   Non-Class:  304.00 KB
       Class:  2.00 MB
        Both:  2.29 MB

MaxMetaspaceSize: unlimited
CompressedClassSpaceSize: 1.00 GB
Initial GC threshold: 21.00 MB
Current GC threshold: 29.00 MB
CDS: on
MetaspaceReclaimPolicy: balanced
 - commit_granule_bytes: 65536.
 - commit_granule_words: 8192.
 - virtual_space_node_default_size: 1048576.
 - enlarge_chunks_in_place: 1.
 - new_chunks_are_fully_committed: 0.
 - uncommit_free_chunks: 1.
 - use_allocation_guard: 0.
 - handle_deallocations: 1.


Internal statistics:

num_allocs_failed_limit: 0.
num_arena_births: 316.
num_arena_deaths: 0.
num_vsnodes_births: 3.
num_vsnodes_deaths: 0.
num_space_committed: 282.
num_space_uncommitted: 0.
num_chunks_returned_to_freelist: 0.
num_chunks_taken_from_freelist: 545.
num_chunk_merges: 0.
num_chunk_splits: 333.
num_chunks_enlarged: 192.
num_purges: 0.
num_inconsistent_stats: 0.

CodeHeap 'non-profiled nmethods': size=120000Kb used=2820Kb max_used=3134Kb free=117179Kb
 bounds [0x0000016518070000, 0x0000016518380000, 0x000001651f5a0000]
CodeHeap 'profiled nmethods': size=120000Kb used=6945Kb max_used=8981Kb free=113054Kb
 bounds [0x0000016510b40000, 0x0000016511410000, 0x0000016518070000]
CodeHeap 'non-nmethods': size=5760Kb used=1447Kb max_used=1549Kb free=4312Kb
 bounds [0x00000165105a0000, 0x0000016510810000, 0x0000016510b40000]
 total_blobs=4322 nmethods=3589 adapters=645
 compilation: enabled
              stopped_count=0, restarted_count=0
 full_count=0

Compilation events (20 events):
Event: 72.820 Thread 0x0000016526e4e7d0 nmethod 4309 0x0000016518337010 code [0x0000016518337320, 0x000001651833a238]
Event: 73.023 Thread 0x0000016526e4e7d0 4310       4       serverGame.GameFrame::setLocation (59 bytes)
Event: 73.026 Thread 0x0000016526e4e7d0 nmethod 4310 0x000001651828b010 code [0x000001651828b220, 0x000001651828bab8]
Event: 73.370 Thread 0x0000016526e4e7d0 4311       4       server.Game::sendMessage (45 bytes)
Event: 73.375 Thread 0x0000016526e4e7d0 nmethod 4311 0x00000165181a7190 code [0x00000165181a7340, 0x00000165181a75d8]
Event: 73.882 Thread 0x0000016526e4e7d0 4312       4       jdk.internal.math.FDBigInteger::valueOfMulPow52 (449 bytes)
Event: 73.896 Thread 0x0000016526e4e7d0 nmethod 4312 0x00000165180e9e90 code [0x00000165180ea040, 0x00000165180eaae8]
Event: 74.646 Thread 0x0000016526e4e7d0 4313  s    4       sun.awt.image.ToolkitImage::getWidth (48 bytes)
Event: 74.647 Thread 0x0000016526e4e7d0 nmethod 4313 0x00000165182aa590 code [0x00000165182aa700, 0x00000165182aa8d8]
Event: 74.647 Thread 0x0000016526e4e7d0 4314  s    4       sun.awt.image.ToolkitImage::getHeight (48 bytes)
Event: 74.649 Thread 0x0000016526e4e7d0 nmethod 4314 0x000001651817ba90 code [0x000001651817bc00, 0x000001651817bdd8]
Event: 74.802 Thread 0x0000016526e4e7d0 4315       4       serverGame.Player::update (75 bytes)
Event: 74.820 Thread 0x0000016526e4e7d0 nmethod 4315 0x0000016518287b10 code [0x0000016518287e80, 0x0000016518289010]
Event: 76.257 Thread 0x0000016526e4e7d0 4316       4       java.util.concurrent.locks.AbstractQueuedSynchronizer$ConditionObject::canReacquire (28 bytes)
Event: 76.259 Thread 0x0000016526e4e7d0 nmethod 4316 0x0000016518101590 code [0x0000016518101700, 0x0000016518101818]
Event: 77.096 Thread 0x0000016526e4e7d0 4317       4       java.lang.Thread::interrupted (23 bytes)
Event: 77.096 Thread 0x0000016526e4e7d0 nmethod 4317 0x0000016518143a90 code [0x0000016518143c00, 0x0000016518143c98]
Event: 77.531 Thread 0x0000016526e4e7d0 4318       4       jdk.internal.math.FDBigInteger::rightInplaceSub (351 bytes)
Event: 77.548 Thread 0x0000016526e4e7d0 nmethod 4318 0x000001651828a290 code [0x000001651828a420, 0x000001651828ab78]
Event: 77.598 Thread 0x0000016526e4e7d0 4319   !   4       sun.awt.PostEventQueue::flush (168 bytes)

GC Heap History (20 events):
Event: 39.673 GC heap before
{Heap before GC invocations=8 (full 0):
 garbage-first heap   total 131072K, used 63286K [0x0000000081c00000, 0x0000000100000000)
  region size 1024K, 6 young (6144K), 3 survivors (3072K)
 Metaspace       used 17231K, committed 17536K, reserved 1064960K
  class space    used 1817K, committed 1984K, reserved 1048576K
}
Event: 39.676 GC heap after
{Heap after GC invocations=9 (full 0):
 garbage-first heap   total 131072K, used 61633K [0x0000000081c00000, 0x0000000100000000)
  region size 1024K, 1 young (1024K), 1 survivors (1024K)
 Metaspace       used 17231K, committed 17536K, reserved 1064960K
  class space    used 1817K, committed 1984K, reserved 1048576K
}
Event: 42.171 GC heap before
{Heap before GC invocations=9 (full 0):
 garbage-first heap   total 131072K, used 108737K [0x0000000081c00000, 0x0000000100000000)
  region size 1024K, 47 young (48128K), 1 survivors (1024K)
 Metaspace       used 17445K, committed 17792K, reserved 1064960K
  class space    used 1839K, committed 2048K, reserved 1048576K
}
Event: 42.172 GC heap after
{Heap after GC invocations=10 (full 0):
 garbage-first heap   total 131072K, used 61625K [0x0000000081c00000, 0x0000000100000000)
  region size 1024K, 1 young (1024K), 1 survivors (1024K)
 Metaspace       used 17445K, committed 17792K, reserved 1064960K
  class space    used 1839K, committed 2048K, reserved 1048576K
}
Event: 46.319 GC heap before
{Heap before GC invocations=11 (full 0):
 garbage-first heap   total 131072K, used 104633K [0x0000000081c00000, 0x0000000100000000)
  region size 1024K, 46 young (47104K), 1 survivors (1024K)
 Metaspace       used 17535K, committed 17856K, reserved 1064960K
  class space    used 1841K, committed 2048K, reserved 1048576K
}
Event: 46.320 GC heap after
{Heap after GC invocations=12 (full 0):
 garbage-first heap   total 157696K, used 60790K [0x0000000081c00000, 0x0000000100000000)
  region size 1024K, 1 young (1024K), 1 survivors (1024K)
 Metaspace       used 17535K, committed 17856K, reserved 1064960K
  class space    used 1841K, committed 2048K, reserved 1048576K
}
Event: 46.357 GC heap before
{Heap before GC invocations=12 (full 0):
 garbage-first heap   total 157696K, used 79222K [0x0000000081c00000, 0x0000000100000000)
  region size 1024K, 11 young (11264K), 1 survivors (1024K)
 Metaspace       used 17543K, committed 17856K, reserved 1064960K
  class space    used 1841K, committed 2048K, reserved 1048576K
}
Event: 46.359 GC heap after
{Heap after GC invocations=13 (full 0):
 garbage-first heap   total 157696K, used 63851K [0x0000000081c00000, 0x0000000100000000)
  region size 1024K, 1 young (1024K), 1 survivors (1024K)
 Metaspace       used 17543K, committed 17856K, reserved 1064960K
  class space    used 1841K, committed 2048K, reserved 1048576K
}
Event: 59.866 GC heap before
{Heap before GC invocations=14 (full 0):
 garbage-first heap   total 157696K, used 124267K [0x0000000081c00000, 0x0000000100000000)
  region size 1024K, 56 young (57344K), 1 survivors (1024K)
 Metaspace       used 17629K, committed 18048K, reserved 1064960K
  class space    used 1841K, committed 2048K, reserved 1048576K
}
Event: 59.867 GC heap after
{Heap after GC invocations=15 (full 0):
 garbage-first heap   total 157696K, used 68767K [0x0000000081c00000, 0x0000000100000000)
  region size 1024K, 2 young (2048K), 2 survivors (2048K)
 Metaspace       used 17629K, committed 18048K, reserved 1064960K
  class space    used 1841K, committed 2048K, reserved 1048576K
}
Event: 59.881 GC heap before
{Heap before GC invocations=15 (full 0):
 garbage-first heap   total 157696K, used 73887K [0x0000000081c00000, 0x0000000100000000)
  region size 1024K, 5 young (5120K), 2 survivors (2048K)
 Metaspace       used 17635K, committed 18048K, reserved 1064960K
  class space    used 1841K, committed 2048K, reserved 1048576K
}
Event: 59.882 GC heap after
{Heap after GC invocations=16 (full 0):
 garbage-first heap   total 157696K, used 69023K [0x0000000081c00000, 0x0000000100000000)
  region size 1024K, 2 young (2048K), 2 survivors (2048K)
 Metaspace       used 17635K, committed 18048K, reserved 1064960K
  class space    used 1841K, committed 2048K, reserved 1048576K
}
Event: 59.898 GC heap before
{Heap before GC invocations=16 (full 0):
 garbage-first heap   total 157696K, used 74143K [0x0000000081c00000, 0x0000000100000000)
  region size 1024K, 5 young (5120K), 2 survivors (2048K)
 Metaspace       used 17638K, committed 18048K, reserved 1064960K
  class space    used 1841K, committed 2048K, reserved 1048576K
}
Event: 59.899 GC heap after
{Heap after GC invocations=17 (full 0):
 garbage-first heap   total 157696K, used 69146K [0x0000000081c00000, 0x0000000100000000)
  region size 1024K, 2 young (2048K), 2 survivors (2048K)
 Metaspace       used 17638K, committed 18048K, reserved 1064960K
  class space    used 1841K, committed 2048K, reserved 1048576K
}
Event: 59.909 GC heap before
{Heap before GC invocations=17 (full 0):
 garbage-first heap   total 157696K, used 74266K [0x0000000081c00000, 0x0000000100000000)
  region size 1024K, 5 young (5120K), 2 survivors (2048K)
 Metaspace       used 17638K, committed 18048K, reserved 1064960K
  class space    used 1841K, committed 2048K, reserved 1048576K
}
Event: 59.910 GC heap after
{Heap after GC invocations=18 (full 0):
 garbage-first heap   total 157696K, used 72032K [0x0000000081c00000, 0x0000000100000000)
  region size 1024K, 2 young (2048K), 2 survivors (2048K)
 Metaspace       used 17638K, committed 18048K, reserved 1064960K
  class space    used 1841K, committed 2048K, reserved 1048576K
}
Event: 59.978 GC heap before
{Heap before GC invocations=18 (full 0):
 garbage-first heap   total 157696K, used 95584K [0x0000000081c00000, 0x0000000100000000)
  region size 1024K, 24 young (24576K), 2 survivors (2048K)
 Metaspace       used 17649K, committed 18048K, reserved 1064960K
  class space    used 1841K, committed 2048K, reserved 1048576K
}
Event: 59.980 GC heap after
{Heap after GC invocations=19 (full 0):
 garbage-first heap   total 270336K, used 71343K [0x0000000081c00000, 0x0000000100000000)
  region size 1024K, 2 young (2048K), 2 survivors (2048K)
 Metaspace       used 17649K, committed 18048K, reserved 1064960K
  class space    used 1841K, committed 2048K, reserved 1048576K
}
Event: 75.125 GC heap before
{Heap before GC invocations=19 (full 0):
 garbage-first heap   total 270336K, used 263855K [0x0000000081c00000, 0x0000000100000000)
  region size 1024K, 148 young (151552K), 2 survivors (2048K)
 Metaspace       used 17657K, committed 18048K, reserved 1064960K
  class space    used 1841K, committed 2048K, reserved 1048576K
}
Event: 75.128 GC heap after
{Heap after GC invocations=20 (full 0):
 garbage-first heap   total 270336K, used 87019K [0x0000000081c00000, 0x0000000100000000)
  region size 1024K, 3 young (3072K), 3 survivors (3072K)
 Metaspace       used 17657K, committed 18048K, reserved 1064960K
  class space    used 1841K, committed 2048K, reserved 1048576K
}

Deoptimization events (20 events):
Event: 62.014 Thread 0x0000016527e6b960 Uncommon trap: trap_request=0xffffffde fr.pc=0x0000016518179044 relative=0x0000000000000da4
Event: 62.014 Thread 0x0000016527e6b960 Uncommon trap: reason=class_check action=maybe_recompile pc=0x0000016518179044 method=sun.java2d.marlin.DMarlinRenderingEngine.pathToLoop([DLjava/awt/geom/PathIterator;Lsun/java2d/marlin/DPathConsumer2D;)V @ 3 c2
Event: 62.014 Thread 0x0000016527e6b960 DEOPT PACKING pc=0x0000016518179044 sp=0x0000003afaafda30
Event: 62.014 Thread 0x0000016527e6b960 DEOPT UNPACKING pc=0x00000165105f23a3 sp=0x0000003afaafda10 mode 2
Event: 62.014 Thread 0x0000016527e6b960 Uncommon trap: trap_request=0xffffffde fr.pc=0x0000016518179044 relative=0x0000000000000da4
Event: 62.014 Thread 0x0000016527e6b960 Uncommon trap: reason=class_check action=maybe_recompile pc=0x0000016518179044 method=sun.java2d.marlin.DMarlinRenderingEngine.pathToLoop([DLjava/awt/geom/PathIterator;Lsun/java2d/marlin/DPathConsumer2D;)V @ 3 c2
Event: 62.014 Thread 0x0000016527e6b960 DEOPT PACKING pc=0x0000016518179044 sp=0x0000003afaafda30
Event: 62.014 Thread 0x0000016527e6b960 DEOPT UNPACKING pc=0x00000165105f23a3 sp=0x0000003afaafda10 mode 2
Event: 62.014 Thread 0x0000016527e6b960 Uncommon trap: trap_request=0xffffffde fr.pc=0x0000016518179044 relative=0x0000000000000da4
Event: 62.014 Thread 0x0000016527e6b960 Uncommon trap: reason=class_check action=maybe_recompile pc=0x0000016518179044 method=sun.java2d.marlin.DMarlinRenderingEngine.pathToLoop([DLjava/awt/geom/PathIterator;Lsun/java2d/marlin/DPathConsumer2D;)V @ 3 c2
Event: 62.014 Thread 0x0000016527e6b960 DEOPT PACKING pc=0x0000016518179044 sp=0x0000003afaafda30
Event: 62.014 Thread 0x0000016527e6b960 DEOPT UNPACKING pc=0x00000165105f23a3 sp=0x0000003afaafda10 mode 2
Event: 62.015 Thread 0x0000016527e6b960 Uncommon trap: trap_request=0xffffffde fr.pc=0x0000016518179044 relative=0x0000000000000da4
Event: 62.015 Thread 0x0000016527e6b960 Uncommon trap: reason=class_check action=maybe_recompile pc=0x0000016518179044 method=sun.java2d.marlin.DMarlinRenderingEngine.pathToLoop([DLjava/awt/geom/PathIterator;Lsun/java2d/marlin/DPathConsumer2D;)V @ 3 c2
Event: 62.015 Thread 0x0000016527e6b960 DEOPT PACKING pc=0x0000016518179044 sp=0x0000003afaafda30
Event: 62.015 Thread 0x0000016527e6b960 DEOPT UNPACKING pc=0x00000165105f23a3 sp=0x0000003afaafda10 mode 2
Event: 69.588 Thread 0x000001652a056e00 Uncommon trap: trap_request=0xffffffcc fr.pc=0x00000165181bc64c relative=0x0000000000003ccc
Event: 69.588 Thread 0x000001652a056e00 Uncommon trap: reason=intrinsic_or_type_checked_inlining action=make_not_entrant pc=0x00000165181bc64c method=java.util.ArrayList$SubList.toArray([Ljava/lang/Object;)[Ljava/lang/Object; @ 58 c2
Event: 69.588 Thread 0x000001652a056e00 DEOPT PACKING pc=0x00000165181bc64c sp=0x0000003afbbfee20
Event: 69.588 Thread 0x000001652a056e00 DEOPT UNPACKING pc=0x00000165105f23a3 sp=0x0000003afbbfedc8 mode 2

Classes unloaded (0 events):
No events

Classes redefined (0 events):
No events

Internal exceptions (20 events):
Event: 17.352 Thread 0x0000016527e6b960 Exception <a 'java/lang/NoSuchMethodError'{0x00000000890d24b0}: 'java.lang.Object java.lang.invoke.DirectMethodHandle$Holder.newInvokeSpecial(java.lang.Object, java.lang.Object, long)'> (0x00000000890d24b0) 
thrown [s\src\hotspot\share\interpreter\linkResolver.cpp, line 759]
Event: 17.353 Thread 0x0000016527e6b960 Exception <a 'java/lang/NoSuchMethodError'{0x00000000890d6020}: 'java.lang.Object java.lang.invoke.Invokers$Holder.linkToTargetMethod(java.lang.Object, long, java.lang.Object)'> (0x00000000890d6020) 
thrown [s\src\hotspot\share\interpreter\linkResolver.cpp, line 759]
Event: 18.314 Thread 0x0000016527e6b960 Exception <a 'java/lang/NoSuchMethodError'{0x000000008896bb78}: 'void java.lang.invoke.DirectMethodHandle$Holder.invokeStatic(java.lang.Object, java.lang.Object, java.lang.Object)'> (0x000000008896bb78) 
thrown [s\src\hotspot\share\interpreter\linkResolver.cpp, line 759]
Event: 18.409 Thread 0x0000016527e6b960 Exception <a 'java/lang/NoSuchMethodError'{0x00000000889fd6a0}: 'int java.lang.invoke.DirectMethodHandle$Holder.invokeStaticInit(java.lang.Object, java.lang.Object, java.lang.Object)'> (0x00000000889fd6a0) 
thrown [s\src\hotspot\share\interpreter\linkResolver.cpp, line 759]
Event: 20.641 Thread 0x0000016527bebc00 Exception <a 'java/lang/NoSuchMethodError'{0x00000000887b4fc8}: 'java.lang.Object java.lang.invoke.DirectMethodHandle$Holder.invokeStaticInit(java.lang.Object, int, int, int, int)'> (0x00000000887b4fc8) 
thrown [s\src\hotspot\share\interpreter\linkResolver.cpp, line 759]
Event: 20.665 Thread 0x0000016527bebc00 Implicit null exception at 0x00000165180b5a80 to 0x00000165180b5dc4
Event: 20.780 Thread 0x0000016527bebc00 Exception <a 'java/lang/NoSuchMethodError'{0x0000000088678790}: 'java.lang.Object java.lang.invoke.DirectMethodHandle$Holder.invokeStaticInit(java.lang.Object, java.lang.Object, int, int, int, int)'> (0x0000000088678790) 
thrown [s\src\hotspot\share\interpreter\linkResolver.cpp, line 759]
Event: 23.422 Thread 0x0000016527e6d640 Exception <a 'java/lang/NoSuchMethodError'{0x0000000088c0ed70}: 'java.lang.Object java.lang.invoke.DirectMethodHandle$Holder.newInvokeSpecial(java.lang.Object, java.lang.Object, java.lang.Object, int, int, int, int, int)'> (0x0000000088c0ed70) 
thrown [s\src\hotspot\share\interpreter\linkResolver.cpp, line 759]
Event: 25.131 Thread 0x0000016527e6b960 Implicit null exception at 0x00000165180e94c0 to 0x00000165180edc10
Event: 27.871 Thread 0x000001652a056e00 Implicit null exception at 0x00000165180e3609 to 0x00000165180e369c
Event: 31.964 Thread 0x0000016526e9fa60 Implicit null exception at 0x0000016518163bb0 to 0x0000016518163c11
Event: 32.294 Thread 0x000001652a056460 Exception <a 'java/lang/NoSuchMethodError'{0x000000008713bc28}: 'java.lang.Object java.lang.invoke.DirectMethodHandle$Holder.invokeSpecial(java.lang.Object, java.lang.Object, double, double)'> (0x000000008713bc28) 
thrown [s\src\hotspot\share\interpreter\linkResolver.cpp, line 759]
Event: 38.325 Thread 0x0000016527e6b960 Implicit null exception at 0x00000165181f7bce to 0x00000165181f7ca4
Event: 42.001 Thread 0x0000016529dc6e90 Exception <a 'java/lang/NoSuchMethodError'{0x0000000087084fd8}: 'java.lang.Object java.lang.invoke.DirectMethodHandle$Holder.newInvokeSpecial(java.lang.Object, java.lang.Object, java.lang.Object, int)'> (0x0000000087084fd8) 
thrown [s\src\hotspot\share\interpreter\linkResolver.cpp, line 759]
Event: 42.002 Thread 0x0000016529dc6e90 Exception <a 'java/lang/NoSuchMethodError'{0x0000000087089110}: 'java.lang.Object java.lang.invoke.DirectMethodHandle$Holder.invokeSpecial(java.lang.Object, java.lang.Object, java.lang.Object, java.lang.Object, int)'> (0x0000000087089110) 
thrown [s\src\hotspot\share\interpreter\linkResolver.cpp, line 759]
Event: 42.002 Thread 0x0000016529dc6e90 Exception <a 'java/lang/NoSuchMethodError'{0x000000008708ccf8}: 'java.lang.Object java.lang.invoke.Invokers$Holder.linkToTargetMethod(java.lang.Object, java.lang.Object, int, java.lang.Object)'> (0x000000008708ccf8) 
thrown [s\src\hotspot\share\interpreter\linkResolver.cpp, line 759]
Event: 42.020 Thread 0x0000016527e6b960 Exception <a 'java/lang/NoSuchMethodError'{0x00000000870f0e08}: 'java.lang.Object java.lang.invoke.DelegatingMethodHandle$Holder.reinvoke_L(java.lang.Object, int, java.lang.Object, java.lang.Object, java.lang.Object, java.lang.Object)'> (0x00000000870f0e08) 
thrown [s\src\hotspot\share\interpreter\linkResolver.cpp, line 759]
Event: 42.026 Thread 0x0000016527e6b960 Exception <a 'java/lang/NoSuchMethodError'{0x0000000086f42e80}: 'java.lang.Object java.lang.invoke.DirectMethodHandle$Holder.invokeSpecial(java.lang.Object, java.lang.Object, long, int, java.lang.Object, java.lang.Object, java.lang.Object, java.lang.Object, int)'> (0x0000000086f42e80) 
thrown [s\src\hotspot\share\interpreter\linkResolver.cpp, line 759]
Event: 42.027 Thread 0x0000016527e6b960 Exception <a 'java/lang/NoSuchMethodError'{0x0000000086f46e78}: 'java.lang.Object java.lang.invoke.DelegatingMethodHandle$Holder.reinvoke_L(java.lang.Object, long, int, java.lang.Object, java.lang.Object, java.lang.Object, java.lang.Object, int)'> (0x0000000086f46e78) 
thrown [s\src\hotspot\share\interpreter\linkResolver.cpp, line 759]
Event: 60.162 Thread 0x0000016527e6b960 Implicit null exception at 0x00000165182cc7eb to 0x00000165182d942c

VM Operations (20 events):
Event: 61.082 Executing VM operation: HandshakeAllThreads
Event: 61.082 Executing VM operation: HandshakeAllThreads done
Event: 62.083 Executing VM operation: Cleanup
Event: 62.083 Executing VM operation: Cleanup done
Event: 63.083 Executing VM operation: Cleanup
Event: 63.084 Executing VM operation: Cleanup done
Event: 65.084 Executing VM operation: Cleanup
Event: 65.084 Executing VM operation: Cleanup done
Event: 67.085 Executing VM operation: Cleanup
Event: 67.085 Executing VM operation: Cleanup done
Event: 68.086 Executing VM operation: Cleanup
Event: 68.086 Executing VM operation: Cleanup done
Event: 69.087 Executing VM operation: Cleanup
Event: 69.087 Executing VM operation: Cleanup done
Event: 73.088 Executing VM operation: Cleanup
Event: 73.088 Executing VM operation: Cleanup done
Event: 75.125 Executing VM operation: G1CollectForAllocation
Event: 75.128 Executing VM operation: G1CollectForAllocation done
Event: 75.129 Executing VM operation: Cleanup
Event: 75.129 Executing VM operation: Cleanup done

Events (20 events):
Event: 61.085 Thread 0x0000016526e51bc0 flushing nmethod 0x000001651128d210
Event: 61.085 Thread 0x0000016526e51bc0 flushing nmethod 0x000001651129f290
Event: 61.085 Thread 0x0000016526e51bc0 flushing nmethod 0x00000165112a4010
Event: 61.085 Thread 0x0000016526e51bc0 flushing nmethod 0x00000165112a8490
Event: 61.085 Thread 0x0000016526e51bc0 flushing nmethod 0x00000165112a9b90
Event: 61.085 Thread 0x0000016526e51bc0 flushing nmethod 0x00000165112aa410
Event: 61.085 Thread 0x0000016526e51bc0 flushing nmethod 0x00000165112ac610
Event: 61.086 Thread 0x0000016526e51bc0 flushing nmethod 0x000001651131f310
Event: 61.086 Thread 0x0000016526e51bc0 flushing nmethod 0x0000016511343f10
Event: 61.086 Thread 0x0000016526e51bc0 flushing nmethod 0x000001651134cc90
Event: 61.086 Thread 0x0000016526e51bc0 flushing nmethod 0x0000016511351a90
Event: 61.086 Thread 0x0000016526e51bc0 flushing nmethod 0x000001651137ac10
Event: 61.086 Thread 0x0000016526e51bc0 flushing nmethod 0x00000165113a3410
Event: 64.129 Thread 0x0000016529dcc060 Thread exited: 0x0000016529dcc060
Event: 66.014 Thread 0x0000016529dc81d0 Thread added: 0x0000016529dc81d0
Event: 66.014 Thread 0x0000016529dc99e0 Thread added: 0x0000016529dc99e0
Event: 66.014 Thread 0x0000016529dcced0 Thread exited: 0x0000016529dcced0
Event: 66.015 Thread 0x0000016529dcc060 Thread added: 0x0000016529dcc060
Event: 66.022 Thread 0x0000016529dcc530 Thread exited: 0x0000016529dcc530
Event: 67.016 Thread 0x0000016529dcc060 Thread exited: 0x0000016529dcc060


Dynamic libraries:
0x00007ff65d9a0000 - 0x00007ff65d9ae000 	C:\Program Files\BlueJ\jdk\bin\java.exe
0x00007ffaf85b0000 - 0x00007ffaf87c7000 	C:\WINDOWS\SYSTEM32\ntdll.dll
0x00007ffaf7a10000 - 0x00007ffaf7ad4000 	C:\WINDOWS\System32\KERNEL32.DLL
0x00007ffaf5920000 - 0x00007ffaf5cc6000 	C:\WINDOWS\System32\KERNELBASE.dll
0x00007ffaf5fa0000 - 0x00007ffaf60b1000 	C:\WINDOWS\System32\ucrtbase.dll
0x00007ffae2dd0000 - 0x00007ffae2de8000 	C:\Program Files\BlueJ\jdk\bin\jli.dll
0x00007ffae2cf0000 - 0x00007ffae2d09000 	C:\Program Files\BlueJ\jdk\bin\VCRUNTIME140.dll
0x00007ffaf7c60000 - 0x00007ffaf7e0e000 	C:\WINDOWS\System32\USER32.dll
0x00007ffaf5eb0000 - 0x00007ffaf5ed6000 	C:\WINDOWS\System32\win32u.dll
0x00007ffadb9f0000 - 0x00007ffadbc83000 	C:\WINDOWS\WinSxS\amd64_microsoft.windows.common-controls_6595b64144ccf1df_6.0.22621.2506_none_270c5ae97388e100\COMCTL32.dll
0x00007ffaf8250000 - 0x00007ffaf8279000 	C:\WINDOWS\System32\GDI32.dll
0x00007ffaf8390000 - 0x00007ffaf8437000 	C:\WINDOWS\System32\msvcrt.dll
0x00007ffaf6160000 - 0x00007ffaf6278000 	C:\WINDOWS\System32\gdi32full.dll
0x00007ffaf60c0000 - 0x00007ffaf615a000 	C:\WINDOWS\System32\msvcp_win.dll
0x00007ffaf8210000 - 0x00007ffaf8241000 	C:\WINDOWS\System32\IMM32.DLL
0x00007ffaee9b0000 - 0x00007ffaee9bc000 	C:\Program Files\BlueJ\jdk\bin\vcruntime140_1.dll
0x00007ffacc980000 - 0x00007ffacca11000 	C:\Program Files\BlueJ\jdk\bin\msvcp140.dll
0x00007ffa6a480000 - 0x00007ffa6b0c6000 	C:\Program Files\BlueJ\jdk\bin\server\jvm.dll
0x00007ffaf7060000 - 0x00007ffaf7113000 	C:\WINDOWS\System32\ADVAPI32.dll
0x00007ffaf7bb0000 - 0x00007ffaf7c58000 	C:\WINDOWS\System32\sechost.dll
0x00007ffaf58f0000 - 0x00007ffaf5918000 	C:\WINDOWS\System32\bcrypt.dll
0x00007ffaf8090000 - 0x00007ffaf81a7000 	C:\WINDOWS\System32\RPCRT4.dll
0x00007ffaf7ae0000 - 0x00007ffaf7ae8000 	C:\WINDOWS\System32\PSAPI.DLL
0x00007ffaedc10000 - 0x00007ffaedc1a000 	C:\WINDOWS\SYSTEM32\VERSION.dll
0x00007ffae4060000 - 0x00007ffae4069000 	C:\WINDOWS\SYSTEM32\WSOCK32.dll
0x00007ffaedb80000 - 0x00007ffaedbb4000 	C:\WINDOWS\SYSTEM32\WINMM.dll
0x00007ffaf7e10000 - 0x00007ffaf7e81000 	C:\WINDOWS\System32\WS2_32.dll
0x00007ffaf4930000 - 0x00007ffaf4948000 	C:\WINDOWS\SYSTEM32\kernel.appcore.dll
0x00007ffaedd10000 - 0x00007ffaedd1a000 	C:\Program Files\BlueJ\jdk\bin\jimage.dll
0x00007ffaf3240000 - 0x00007ffaf3473000 	C:\WINDOWS\SYSTEM32\DBGHELP.DLL
0x00007ffaf69a0000 - 0x00007ffaf6d29000 	C:\WINDOWS\System32\combase.dll
0x00007ffaf6e90000 - 0x00007ffaf6f67000 	C:\WINDOWS\System32\OLEAUT32.dll
0x00007ffae1b30000 - 0x00007ffae1b62000 	C:\WINDOWS\SYSTEM32\dbgcore.DLL
0x00007ffaf6280000 - 0x00007ffaf62fa000 	C:\WINDOWS\System32\bcryptPrimitives.dll
0x00007ffaee580000 - 0x00007ffaee5bb000 	C:\Program Files\BlueJ\jdk\bin\jdwp.dll
0x00007ffae2cc0000 - 0x00007ffae2ce5000 	C:\Program Files\BlueJ\jdk\bin\java.dll
0x00007ffacc8a0000 - 0x00007ffacc976000 	C:\Program Files\BlueJ\jdk\bin\jsvml.dll
0x00007ffaf7120000 - 0x00007ffaf797b000 	C:\WINDOWS\System32\SHELL32.dll
0x00007ffaf3850000 - 0x00007ffaf4146000 	C:\WINDOWS\SYSTEM32\windows.storage.dll
0x00007ffaf3710000 - 0x00007ffaf384e000 	C:\WINDOWS\SYSTEM32\wintypes.dll
0x00007ffaf8450000 - 0x00007ffaf8543000 	C:\WINDOWS\System32\SHCORE.dll
0x00007ffaf81b0000 - 0x00007ffaf820e000 	C:\WINDOWS\System32\shlwapi.dll
0x00007ffaf5820000 - 0x00007ffaf5846000 	C:\WINDOWS\SYSTEM32\profapi.dll
0x00007ffae2cb0000 - 0x00007ffae2cbb000 	C:\Program Files\BlueJ\jdk\bin\dt_shmem.dll
0x00007ffadb2c0000 - 0x00007ffadb2d9000 	C:\Program Files\BlueJ\jdk\bin\net.dll
0x00007ffaeeaa0000 - 0x00007ffaeebd7000 	C:\WINDOWS\SYSTEM32\WINHTTP.dll
0x00007ffaf4db0000 - 0x00007ffaf4e19000 	C:\WINDOWS\system32\mswsock.dll
0x00007ffadacc0000 - 0x00007ffadacd5000 	C:\Program Files\BlueJ\jdk\bin\nio.dll
0x00007ffadaca0000 - 0x00007ffadacb8000 	C:\Program Files\BlueJ\jdk\bin\zip.dll
0x00007ffadb680000 - 0x00007ffadb80e000 	C:\Program Files\BlueJ\jdk\bin\awt.dll
0x00007ffaf29e0000 - 0x00007ffaf2a77000 	C:\WINDOWS\SYSTEM32\apphelp.dll
0x00007ffaf2aa0000 - 0x00007ffaf2b4b000 	C:\WINDOWS\system32\uxtheme.dll
0x00007ffaf6d30000 - 0x00007ffaf6e81000 	C:\WINDOWS\System32\MSCTF.dll
0x00007ffaf7ef0000 - 0x00007ffaf8090000 	C:\WINDOWS\System32\ole32.dll
0x00007ffaf2dc0000 - 0x00007ffaf2deb000 	C:\WINDOWS\system32\DWMAPI.DLL
0x00007ffacd630000 - 0x00007ffacd730000 	C:\WINDOWS\system32\opengl32.dll
0x00007ffad4390000 - 0x00007ffad43bd000 	C:\WINDOWS\SYSTEM32\GLU32.dll
0x00007ffaf2b80000 - 0x00007ffaf2bb9000 	C:\WINDOWS\SYSTEM32\dxcore.dll
0x00007ffadb8b0000 - 0x00007ffadb936000 	C:\Program Files\BlueJ\jdk\bin\freetype.dll
0x00007ffad3180000 - 0x00007ffad3228000 	C:\Program Files\BlueJ\jdk\bin\fontmanager.dll
0x00007ffada7c0000 - 0x00007ffada90a000 	C:\WINDOWS\SYSTEM32\textinputframework.dll
0x00007ffae2db0000 - 0x00007ffae2db9000 	C:\Program Files\BlueJ\jdk\bin\management.dll
0x00007ffae2da0000 - 0x00007ffae2dab000 	C:\Program Files\BlueJ\jdk\bin\management_ext.dll
0x00007ffadf1f0000 - 0x00007ffadf207000 	C:\WINDOWS\system32\napinsp.dll
0x00007ffadf1d0000 - 0x00007ffadf1eb000 	C:\WINDOWS\system32\pnrpnsp.dll
0x00007ffaf4420000 - 0x00007ffaf4519000 	C:\WINDOWS\SYSTEM32\DNSAPI.dll
0x00007ffaf43b0000 - 0x00007ffaf43dd000 	C:\WINDOWS\SYSTEM32\IPHLPAPI.DLL
0x00007ffaf7ba0000 - 0x00007ffaf7ba9000 	C:\WINDOWS\System32\NSI.dll
0x00007ffadf150000 - 0x00007ffadf161000 	C:\WINDOWS\System32\winrnr.dll
0x00007ffadf130000 - 0x00007ffadf145000 	C:\WINDOWS\system32\wshbth.dll
0x00007ffadf100000 - 0x00007ffadf121000 	C:\WINDOWS\system32\nlansp_c.dll
0x00007ffae5ce0000 - 0x00007ffae5cea000 	C:\Windows\System32\rasadhlp.dll
0x00007ffaece20000 - 0x00007ffaecea3000 	C:\WINDOWS\System32\fwpuclnt.dll
0x0000016526ff0000 - 0x0000016526ff3000 	C:\Users\alexa\.openjfx\cache\20.0.1+2\amd64\api-ms-win-core-console-l1-1-0.dll
0x0000016528580000 - 0x0000016528583000 	C:\Users\alexa\.openjfx\cache\20.0.1+2\amd64\api-ms-win-core-console-l1-2-0.dll
0x0000016529400000 - 0x0000016529403000 	C:\Users\alexa\.openjfx\cache\20.0.1+2\amd64\api-ms-win-core-datetime-l1-1-0.dll
0x0000016529410000 - 0x0000016529413000 	C:\Users\alexa\.openjfx\cache\20.0.1+2\amd64\api-ms-win-core-debug-l1-1-0.dll
0x0000016529420000 - 0x0000016529423000 	C:\Users\alexa\.openjfx\cache\20.0.1+2\amd64\api-ms-win-core-errorhandling-l1-1-0.dll
0x0000016529430000 - 0x0000016529434000 	C:\Users\alexa\.openjfx\cache\20.0.1+2\amd64\api-ms-win-core-file-l1-1-0.dll
0x0000016529440000 - 0x0000016529443000 	C:\Users\alexa\.openjfx\cache\20.0.1+2\amd64\api-ms-win-core-file-l1-2-0.dll
0x0000016529450000 - 0x0000016529453000 	C:\Users\alexa\.openjfx\cache\20.0.1+2\amd64\api-ms-win-core-file-l2-1-0.dll
0x0000016529460000 - 0x0000016529463000 	C:\Users\alexa\.openjfx\cache\20.0.1+2\amd64\api-ms-win-core-handle-l1-1-0.dll
0x0000016529470000 - 0x0000016529473000 	C:\Users\alexa\.openjfx\cache\20.0.1+2\amd64\api-ms-win-core-heap-l1-1-0.dll
0x0000016529480000 - 0x0000016529483000 	C:\Users\alexa\.openjfx\cache\20.0.1+2\amd64\api-ms-win-core-interlocked-l1-1-0.dll
0x0000016529490000 - 0x0000016529493000 	C:\Users\alexa\.openjfx\cache\20.0.1+2\amd64\api-ms-win-core-libraryloader-l1-1-0.dll
0x00000165294a0000 - 0x00000165294a3000 	C:\Users\alexa\.openjfx\cache\20.0.1+2\amd64\api-ms-win-core-localization-l1-2-0.dll
0x00000165294b0000 - 0x00000165294b3000 	C:\Users\alexa\.openjfx\cache\20.0.1+2\amd64\api-ms-win-core-memory-l1-1-0.dll
0x00000165294c0000 - 0x00000165294c3000 	C:\Users\alexa\.openjfx\cache\20.0.1+2\amd64\api-ms-win-core-namedpipe-l1-1-0.dll
0x00000165294d0000 - 0x00000165294d3000 	C:\Users\alexa\.openjfx\cache\20.0.1+2\amd64\api-ms-win-core-processenvironment-l1-1-0.dll
0x00000165294e0000 - 0x00000165294e3000 	C:\Users\alexa\.openjfx\cache\20.0.1+2\amd64\api-ms-win-core-processthreads-l1-1-0.dll
0x00000165294f0000 - 0x00000165294f3000 	C:\Users\alexa\.openjfx\cache\20.0.1+2\amd64\api-ms-win-core-processthreads-l1-1-1.dll
0x0000016529500000 - 0x0000016529503000 	C:\Users\alexa\.openjfx\cache\20.0.1+2\amd64\api-ms-win-core-profile-l1-1-0.dll
0x0000016529510000 - 0x0000016529513000 	C:\Users\alexa\.openjfx\cache\20.0.1+2\amd64\api-ms-win-core-rtlsupport-l1-1-0.dll
0x0000016529520000 - 0x0000016529523000 	C:\Users\alexa\.openjfx\cache\20.0.1+2\amd64\api-ms-win-core-string-l1-1-0.dll
0x0000016529530000 - 0x0000016529533000 	C:\Users\alexa\.openjfx\cache\20.0.1+2\amd64\api-ms-win-core-synch-l1-1-0.dll
0x0000016529540000 - 0x0000016529543000 	C:\Users\alexa\.openjfx\cache\20.0.1+2\amd64\api-ms-win-core-synch-l1-2-0.dll
0x0000016529550000 - 0x0000016529553000 	C:\Users\alexa\.openjfx\cache\20.0.1+2\amd64\api-ms-win-core-sysinfo-l1-1-0.dll
0x0000016529560000 - 0x0000016529563000 	C:\Users\alexa\.openjfx\cache\20.0.1+2\amd64\api-ms-win-core-timezone-l1-1-0.dll
0x0000016529570000 - 0x0000016529573000 	C:\Users\alexa\.openjfx\cache\20.0.1+2\amd64\api-ms-win-core-util-l1-1-0.dll
0x0000016529580000 - 0x0000016529583000 	C:\Users\alexa\.openjfx\cache\20.0.1+2\amd64\api-ms-win-crt-conio-l1-1-0.dll
0x0000016529590000 - 0x0000016529594000 	C:\Users\alexa\.openjfx\cache\20.0.1+2\amd64\api-ms-win-crt-convert-l1-1-0.dll
0x000001652a570000 - 0x000001652a573000 	C:\Users\alexa\.openjfx\cache\20.0.1+2\amd64\api-ms-win-crt-environment-l1-1-0.dll
0x000001652a580000 - 0x000001652a583000 	C:\Users\alexa\.openjfx\cache\20.0.1+2\amd64\api-ms-win-crt-filesystem-l1-1-0.dll
0x000001652a590000 - 0x000001652a593000 	C:\Users\alexa\.openjfx\cache\20.0.1+2\amd64\api-ms-win-crt-heap-l1-1-0.dll
0x000001652a5a0000 - 0x000001652a5a3000 	C:\Users\alexa\.openjfx\cache\20.0.1+2\amd64\api-ms-win-crt-locale-l1-1-0.dll
0x000001652a5b0000 - 0x000001652a5b5000 	C:\Users\alexa\.openjfx\cache\20.0.1+2\amd64\api-ms-win-crt-math-l1-1-0.dll
0x000001652a5c0000 - 0x000001652a5c5000 	C:\Users\alexa\.openjfx\cache\20.0.1+2\amd64\api-ms-win-crt-multibyte-l1-1-0.dll
0x000001652a5d0000 - 0x000001652a5e0000 	C:\Users\alexa\.openjfx\cache\20.0.1+2\amd64\api-ms-win-crt-private-l1-1-0.dll
0x000001652a5e0000 - 0x000001652a5e3000 	C:\Users\alexa\.openjfx\cache\20.0.1+2\amd64\api-ms-win-crt-process-l1-1-0.dll
0x000001652a5f0000 - 0x000001652a5f4000 	C:\Users\alexa\.openjfx\cache\20.0.1+2\amd64\api-ms-win-crt-runtime-l1-1-0.dll
0x000001652a600000 - 0x000001652a604000 	C:\Users\alexa\.openjfx\cache\20.0.1+2\amd64\api-ms-win-crt-stdio-l1-1-0.dll
0x000001652a610000 - 0x000001652a614000 	C:\Users\alexa\.openjfx\cache\20.0.1+2\amd64\api-ms-win-crt-string-l1-1-0.dll
0x000001652a620000 - 0x000001652a623000 	C:\Users\alexa\.openjfx\cache\20.0.1+2\amd64\api-ms-win-crt-time-l1-1-0.dll
0x000001652a630000 - 0x000001652a633000 	C:\Users\alexa\.openjfx\cache\20.0.1+2\amd64\api-ms-win-crt-utility-l1-1-0.dll
0x00007ffa9f070000 - 0x00007ffa9f16c000 	C:\Users\alexa\.openjfx\cache\20.0.1+2\amd64\ucrtbase.dll
0x00007ffadabe0000 - 0x00007ffadabfb000 	C:\Users\alexa\.openjfx\cache\20.0.1+2\amd64\vcruntime140.dll
0x00007ffae6570000 - 0x00007ffae657c000 	C:\Users\alexa\.openjfx\cache\20.0.1+2\amd64\vcruntime140_1.dll
0x00007ffacc810000 - 0x00007ffacc89e000 	C:\Users\alexa\.openjfx\cache\20.0.1+2\amd64\msvcp140.dll
0x00007ffae2e20000 - 0x00007ffae2e29000 	C:\Users\alexa\.openjfx\cache\20.0.1+2\amd64\msvcp140_1.dll
0x00007ffad8790000 - 0x00007ffad87c0000 	C:\Users\alexa\.openjfx\cache\20.0.1+2\amd64\msvcp140_2.dll
0x00007ffad8760000 - 0x00007ffad878f000 	C:\Users\alexa\.openjfx\cache\20.0.1+2\amd64\prism_d3d.dll
0x00007ffa6c370000 - 0x00007ffa6c519000 	C:\WINDOWS\system32\d3d9.dll
0x00007ffa9ef00000 - 0x00007ffa9f065000 	C:\WINDOWS\System32\DriverStore\FileRepository\iigd_dch.inf_amd64_f54f9b2157c48060\igdumdim64.dll
0x00007ffa60b10000 - 0x00007ffa655f1000 	C:\WINDOWS\System32\DriverStore\FileRepository\iigd_dch.inf_amd64_f54f9b2157c48060\igd9dxva64.dll
0x00007ffaf6520000 - 0x00007ffaf6994000 	C:\WINDOWS\System32\SETUPAPI.dll
0x00007ffaf54f0000 - 0x00007ffaf553e000 	C:\WINDOWS\SYSTEM32\cfgmgr32.dll
0x00007ffaea240000 - 0x00007ffaea611000 	C:\WINDOWS\System32\DriverStore\FileRepository\iigd_dch.inf_amd64_f54f9b2157c48060\igdgmm64.dll
0x00007ffaf0780000 - 0x00007ffaf07ca000 	C:\WINDOWS\SYSTEM32\directxdatabasehelper.dll

dbghelp: loaded successfully - version: 4.0.5 - missing functions: none
symbol engine: initialized successfully - sym options: 0x614 - pdb path: .;C:\Program Files\BlueJ\jdk\bin;C:\WINDOWS\SYSTEM32;C:\WINDOWS\WinSxS\amd64_microsoft.windows.common-controls_6595b64144ccf1df_6.0.22621.2506_none_270c5ae97388e100;C:\Program Files\BlueJ\jdk\bin\server;C:\Users\alexa\.openjfx\cache\20.0.1+2\amd64;C:\WINDOWS\System32\DriverStore\FileRepository\iigd_dch.inf_amd64_f54f9b2157c48060;C:\Users\alexa\AppData\Local\Temp

VM Arguments:
jvm_args: -ea -agentlib:jdwp=transport=dt_shmem,address=javadebug -Dfile.encoding=UTF-8 
java_command: bluej.runtime.ExecServer UTF-8
java_class_path (initial): C:\Program Files\BlueJ\lib\bluejcore.jar;C:\Program Files\BlueJ\lib\javafx-base-20.0.1-win.jar;C:\Program Files\BlueJ\lib\javafx-base-20.0.1.jar;C:\Program Files\BlueJ\lib\javafx-controls-20.0.1-win.jar;C:\Program Files\BlueJ\lib\javafx-controls-20.0.1.jar;C:\Program Files\BlueJ\lib\javafx-fxml-20.0.1-win.jar;C:\Program Files\BlueJ\lib\javafx-graphics-20.0.1-win.jar;C:\Program Files\BlueJ\lib\javafx-graphics-20.0.1.jar;C:\Program Files\BlueJ\lib\javafx-media-20.0.1-win.jar;C:\Program Files\BlueJ\lib\javafx-media-20.0.1.jar;C:\Program Files\BlueJ\lib\javafx-swing-20.0.1-win.jar;C:\Program Files\BlueJ\lib\javafx-web-20.0.1-win.jar;C:\Program Files\BlueJ\lib\junit-4.12.jar;C:\Program Files\BlueJ\lib\junit-jupiter-5.5.2.jar;C:\Program Files\BlueJ\lib\junit-jupiter-api-5.5.2.jar;C:\Program Files\BlueJ\lib\junit-jupiter-engine-5.5.2.jar;C:\Program Files\BlueJ\lib\junit-jupiter-params-5.5.2.jar;C:\Program Files\BlueJ\lib\junit-platform-commons-1.5.2.jar;C:\Program Files\BlueJ\lib\junit-platform-engine-1.5.2.jar;C:\Program Files\BlueJ\lib\junit-platform-launcher-1.5.2.jar;C:\Program Files\BlueJ\lib\junit-platform-suite-api-1.5.2.jar;C:\Program Files\BlueJ\lib\junit-vintage-engine-5.5.2.jar;C:\Program Files\BlueJ\lib\hamcrest-core-1.3.jar;C:\Program Files\BlueJ\lib\opentest4j-1.2.0.jar;C:\Program Files\BlueJ\lib\lang-stride.jar;C:\Program Files\BlueJ\lib\javafx\javafx.base.jar;C:\Program Files\BlueJ\lib\javafx\javafx.controls.jar;C:\Program Files\BlueJ\lib\javafx\javafx.fxml.jar;C:\Program Files\BlueJ\lib\javafx\javafx.graphics.jar;C:\Program Files\BlueJ\lib\javafx\javafx.media.jar;C:\Program Files\BlueJ\lib\javafx\javafx.properties.jar;C:\Program Files\BlueJ\lib\javafx\javafx.swing.jar;C:\Program Files\BlueJ\lib\javafx\javafx.web.jar;C:\Dokumente\Programmieren\Java\Bibliotheken\sqlite-jdbc.jar
Launcher Type: SUN_STANDARD

[Global flags]
     intx CICompilerCount                          = 4                                         {product} {ergonomic}
     uint ConcGCThreads                            = 2                                         {product} {ergonomic}
     uint G1ConcRefinementThreads                  = 8                                         {product} {ergonomic}
   size_t G1HeapRegionSize                         = 1048576                                   {product} {ergonomic}
    uintx GCDrainStackTargetSize                   = 64                                        {product} {ergonomic}
   size_t InitialHeapSize                          = 134217728                                 {product} {ergonomic}
   size_t MarkStackSize                            = 4194304                                   {product} {ergonomic}
   size_t MaxHeapSize                              = 2118123520                                {product} {ergonomic}
   size_t MaxNewSize                               = 1270874112                                {product} {ergonomic}
   size_t MinHeapDeltaBytes                        = 1048576                                   {product} {ergonomic}
   size_t MinHeapSize                              = 8388608                                   {product} {ergonomic}
    uintx NonNMethodCodeHeapSize                   = 5839372                                {pd product} {ergonomic}
    uintx NonProfiledCodeHeapSize                  = 122909434                              {pd product} {ergonomic}
    uintx ProfiledCodeHeapSize                     = 122909434                              {pd product} {ergonomic}
    uintx ReservedCodeCacheSize                    = 251658240                              {pd product} {ergonomic}
     bool SegmentedCodeCache                       = true                                      {product} {ergonomic}
   size_t SoftMaxHeapSize                          = 2118123520                             {manageable} {ergonomic}
     bool UseCompressedClassPointers               = true                           {product lp64_product} {ergonomic}
     bool UseCompressedOops                        = true                           {product lp64_product} {ergonomic}
     bool UseG1GC                                  = true                                      {product} {ergonomic}
     bool UseLargePagesIndividualAllocation        = false                                  {pd product} {ergonomic}

Logging:
Log output configuration:
 #0: stdout all=warning uptime,level,tags
 #1: stderr all=off uptime,level,tags

Environment Variables:
JAVA_HOME=C:\Program Files\Microsoft\jre-1.8\
PATH=C:\Program Files\Common Files\Oracle\Java\javapath;C:\WINDOWS\system32;C:\WINDOWS;C:\WINDOWS\System32\Wbem;C:\WINDOWS\System32\WindowsPowerShell\v1.0\;C:\WINDOWS\System32\OpenSSH\;C:\Program Files\Java\jdk-21\bin;C:\Program Files\Java\jdk-16.0.1\bin;C:\Program Files\Git LFS;C:\Program Files\dotnet\;C:\Program Files\Git\cmd;C:\Program Files\nodejs\;C:\Users\alexa\AppData\Local\Programs\Python\Launcher\;C:\Users\alexa\AppData\Local\Microsoft\WindowsApps;C:\Users\alexa\AppData\Local\GitHubDesktop\bin;C:\Users\alexa\AppData\Local\Programs\Microsoft VS Code\bin;C:\Flutter\flutter\bin;C:\Users\alexa\AppData\Roaming\npm
USERNAME=alexa
OS=Windows_NT
PROCESSOR_IDENTIFIER=Intel64 Family 6 Model 142 Stepping 12, GenuineIntel
TMP=C:\Users\alexa\AppData\Local\Temp
TEMP=C:\Users\alexa\AppData\Local\Temp



---------------  S Y S T E M  ---------------

OS:
 Windows 11 , 64 bit Build 22621 (10.0.22621.3085)
OS uptime: 6 days 22:51 hours

CPU: total 8 (initial active 8) (4 cores per cpu, 2 threads per core) family 6 model 142 stepping 12 microcode 0xde, cx8, cmov, fxsr, ht, mmx, 3dnowpref, sse, sse2, sse3, ssse3, sse4.1, sse4.2, popcnt, lzcnt, tsc, tscinvbit, avx, avx2, aes, erms, clmul, bmi1, bmi2, adx, fma, vzeroupper, clflush, clflushopt

Memory: 4k page, system-wide physical 8078M (286M free)
TotalPageFile size 32654M (AvailPageFile size 3M)
current process WorkingSet (physical memory assigned to process): 175M, peak: 392M
current process commit charge ("private bytes"): 428M, peak: 441M

vm_info: OpenJDK 64-Bit Server VM (17.0.4.1+1) for windows-amd64 JRE (17.0.4.1+1), built on Aug 17 2022 07:42:43 by "temurin" with MS VC++ 16.7 (VS2019)

END.
